This file contains any messages produced by compilers while
running configure, to aid debugging if configure makes a mistake.

It was created by file configure 5.04, which was
generated by GNU Autoconf 2.61.  Invocation command line was

  $ ./configure 

## --------- ##
## Platform. ##
## --------- ##

hostname = ref
uname -m = x86_64
uname -r = 3.2.0-29-generic
uname -s = Linux
uname -v = #46-Ubuntu SMP Fri Jul 27 17:03:23 UTC 2012

/usr/bin/uname -p = unknown
/bin/uname -X     = unknown

/bin/arch              = unknown
/usr/bin/arch -k       = unknown
/usr/convex/getsysinfo = unknown
/usr/bin/hostinfo      = unknown
/bin/machine           = unknown
/usr/bin/oslevel       = unknown
/bin/universe          = unknown

PATH: /usr/local/sbin
PATH: /usr/local/bin
PATH: /usr/sbin
PATH: /usr/bin
PATH: /sbin
PATH: /bin
PATH: /usr/games


## ----------- ##
## Core tests. ##
## ----------- ##

configure:1992: checking for a BSD-compatible install
configure:2048: result: /usr/bin/install -c
configure:2059: checking whether build environment is sane
configure:2102: result: yes
configure:2130: checking for a thread-safe mkdir -p
configure:2169: result: /bin/mkdir -p
configure:2182: checking for gawk
configure:2212: result: no
configure:2182: checking for mawk
configure:2198: found /usr/bin/mawk
configure:2209: result: mawk
configure:2220: checking whether make sets $(MAKE)
configure:2241: result: yes
configure:2433: checking for builtin ELF support
configure:2452: result: yes
configure:2463: checking for ELF core file support
configure:2482: result: yes
configure:2493: checking for file formats in man section 5
configure:2509: result: no
configure:2584: checking for gcc
configure:2600: found /usr/bin/gcc
configure:2611: result: gcc
configure:2849: checking for C compiler version
configure:2856: gcc --version >&5
gcc (Ubuntu/Linaro 4.6.3-1ubuntu5) 4.6.3
Copyright (C) 2011 Free Software Foundation, Inc.
This is free software; see the source for copying conditions.  There is NO
warranty; not even for MERCHANTABILITY or FITNESS FOR A PARTICULAR PURPOSE.

configure:2859: $? = 0
configure:2866: gcc -v >&5
Using built-in specs.
COLLECT_GCC=gcc
COLLECT_LTO_WRAPPER=/usr/lib/gcc/x86_64-linux-gnu/4.6/lto-wrapper
Target: x86_64-linux-gnu
Configured with: ../src/configure -v --with-pkgversion='Ubuntu/Linaro 4.6.3-1ubuntu5' --with-bugurl=file:///usr/share/doc/gcc-4.6/README.Bugs --enable-languages=c,c++,fortran,objc,obj-c++ --prefix=/usr --program-suffix=-4.6 --enable-shared --enable-linker-build-id --with-system-zlib --libexecdir=/usr/lib --without-included-gettext --enable-threads=posix --with-gxx-include-dir=/usr/include/c++/4.6 --libdir=/usr/lib --enable-nls --with-sysroot=/ --enable-clocale=gnu --enable-libstdcxx-debug --enable-libstdcxx-time=yes --enable-gnu-unique-object --enable-plugin --enable-objc-gc --disable-werror --with-arch-32=i686 --with-tune=generic --enable-checking=release --build=x86_64-linux-gnu --host=x86_64-linux-gnu --target=x86_64-linux-gnu
Thread model: posix
gcc version 4.6.3 (Ubuntu/Linaro 4.6.3-1ubuntu5) 
configure:2869: $? = 0
configure:2876: gcc -V >&5
gcc: error: unrecognized option '-V'
gcc: fatal error: no input files
compilation terminated.
configure:2879: $? = 4
configure:2902: checking for C compiler default output file name
configure:2929: gcc    conftest.c  >&5
configure:2932: $? = 0
configure:2970: result: a.out
configure:2987: checking whether the C compiler works
configure:2997: ./a.out
configure:3000: $? = 0
configure:3017: result: yes
configure:3024: checking whether we are cross compiling
configure:3026: result: no
configure:3029: checking for suffix of executables
configure:3036: gcc -o conftest    conftest.c  >&5
configure:3039: $? = 0
configure:3063: result: 
configure:3069: checking for suffix of object files
configure:3095: gcc -c   conftest.c >&5
configure:3098: $? = 0
configure:3121: result: o
configure:3125: checking whether we are using the GNU C compiler
configure:3154: gcc -c   conftest.c >&5
configure:3160: $? = 0
configure:3177: result: yes
configure:3182: checking whether gcc accepts -g
configure:3212: gcc -c -g  conftest.c >&5
configure:3218: $? = 0
configure:3317: result: yes
configure:3334: checking for gcc option to accept ISO C89
configure:3408: gcc  -c -g -O2  conftest.c >&5
configure:3414: $? = 0
configure:3437: result: none needed
configure:3466: checking for style of include used by make
configure:3494: result: GNU
configure:3519: checking dependency style of gcc
configure:3610: result: gcc3
configure:3626: checking whether gcc and cc understand -c and -o together
configure:3661: gcc -c conftest.c -o conftest2.o >&5
configure:3664: $? = 0
configure:3670: gcc -c conftest.c -o conftest2.o >&5
configure:3673: $? = 0
configure:3684: cc -c conftest.c >&5
configure:3687: $? = 0
configure:3695: cc -c conftest.c -o conftest2.o >&5
configure:3698: $? = 0
configure:3704: cc -c conftest.c -o conftest2.o >&5
configure:3707: $? = 0
configure:3725: result: yes
configure:3764: checking for a BSD-compatible install
configure:3820: result: /usr/bin/install -c
configure:3831: checking whether ln -s works
configure:3835: result: yes
configure:3920: checking build system type
configure:3938: result: x86_64-unknown-linux-gnu
configure:3960: checking host system type
configure:3975: result: x86_64-unknown-linux-gnu
configure:3997: checking for a sed that does not truncate output
configure:4053: result: /bin/sed
configure:4056: checking for grep that handles long lines and -e
configure:4130: result: /bin/grep
configure:4135: checking for egrep
configure:4213: result: /bin/grep -E
configure:4229: checking for ld used by gcc
configure:4296: result: /usr/bin/ld
configure:4305: checking if the linker (/usr/bin/ld) is GNU ld
configure:4320: result: yes
configure:4325: checking for /usr/bin/ld option to reload object files
configure:4332: result: -r
configure:4350: checking for BSD-compatible nm
configure:4399: result: /usr/bin/nm -B
configure:4403: checking how to recognize dependent libraries
configure:4589: result: pass_all
configure:4678: gcc -c -g -O2  conftest.c >&5
configure:4681: $? = 0
configure:4834: checking how to run the C preprocessor
configure:4874: gcc -E  conftest.c
configure:4880: $? = 0
configure:4911: gcc -E  conftest.c
conftest.c:13:28: fatal error: ac_nonexistent.h: No such file or directory
compilation terminated.
configure:4917: $? = 1
configure: failed program was:
| /* confdefs.h.  */
| #define PACKAGE_NAME "file"
| #define PACKAGE_TARNAME "file"
| #define PACKAGE_VERSION "5.04"
| #define PACKAGE_STRING "file 5.04"
| #define PACKAGE_BUGREPORT "christos@astron.com"
| #define PACKAGE "file"
| #define VERSION "5.04"
| #define BUILTIN_ELF 1
| #define ELFCORE 1
| #define _GNU_SOURCE 1
| /* end confdefs.h.  */
| #include <ac_nonexistent.h>
configure:4950: result: gcc -E
configure:4979: gcc -E  conftest.c
configure:4985: $? = 0
configure:5016: gcc -E  conftest.c
conftest.c:13:28: fatal error: ac_nonexistent.h: No such file or directory
compilation terminated.
configure:5022: $? = 1
configure: failed program was:
| /* confdefs.h.  */
| #define PACKAGE_NAME "file"
| #define PACKAGE_TARNAME "file"
| #define PACKAGE_VERSION "5.04"
| #define PACKAGE_STRING "file 5.04"
| #define PACKAGE_BUGREPORT "christos@astron.com"
| #define PACKAGE "file"
| #define VERSION "5.04"
| #define BUILTIN_ELF 1
| #define ELFCORE 1
| #define _GNU_SOURCE 1
| /* end confdefs.h.  */
| #include <ac_nonexistent.h>
configure:5060: checking for ANSI C header files
configure:5090: gcc -c -g -O2  conftest.c >&5
configure:5096: $? = 0
configure:5195: gcc -o conftest -g -O2   conftest.c  >&5
configure:5198: $? = 0
configure:5204: ./conftest
configure:5207: $? = 0
configure:5224: result: yes
configure:5248: checking for sys/types.h
configure:5269: gcc -c -g -O2  conftest.c >&5
configure:5275: $? = 0
configure:5291: result: yes
configure:5248: checking for sys/stat.h
configure:5269: gcc -c -g -O2  conftest.c >&5
configure:5275: $? = 0
configure:5291: result: yes
configure:5248: checking for stdlib.h
configure:5269: gcc -c -g -O2  conftest.c >&5
configure:5275: $? = 0
configure:5291: result: yes
configure:5248: checking for string.h
configure:5269: gcc -c -g -O2  conftest.c >&5
configure:5275: $? = 0
configure:5291: result: yes
configure:5248: checking for memory.h
configure:5269: gcc -c -g -O2  conftest.c >&5
configure:5275: $? = 0
configure:5291: result: yes
configure:5248: checking for strings.h
configure:5269: gcc -c -g -O2  conftest.c >&5
configure:5275: $? = 0
configure:5291: result: yes
configure:5248: checking for inttypes.h
configure:5269: gcc -c -g -O2  conftest.c >&5
configure:5275: $? = 0
configure:5291: result: yes
configure:5248: checking for stdint.h
configure:5269: gcc -c -g -O2  conftest.c >&5
configure:5275: $? = 0
configure:5291: result: yes
configure:5248: checking for unistd.h
configure:5269: gcc -c -g -O2  conftest.c >&5
configure:5275: $? = 0
configure:5291: result: yes
configure:5318: checking dlfcn.h usability
configure:5335: gcc -c -g -O2  conftest.c >&5
configure:5341: $? = 0
configure:5355: result: yes
configure:5359: checking dlfcn.h presence
configure:5374: gcc -E  conftest.c
configure:5380: $? = 0
configure:5394: result: yes
configure:5427: checking for dlfcn.h
configure:5435: result: yes
configure:5506: checking for g++
configure:5522: found /usr/bin/g++
configure:5533: result: g++
configure:5564: checking for C++ compiler version
configure:5571: g++ --version >&5
g++ (Ubuntu/Linaro 4.6.3-1ubuntu5) 4.6.3
Copyright (C) 2011 Free Software Foundation, Inc.
This is free software; see the source for copying conditions.  There is NO
warranty; not even for MERCHANTABILITY or FITNESS FOR A PARTICULAR PURPOSE.

configure:5574: $? = 0
configure:5581: g++ -v >&5
Using built-in specs.
COLLECT_GCC=g++
COLLECT_LTO_WRAPPER=/usr/lib/gcc/x86_64-linux-gnu/4.6/lto-wrapper
Target: x86_64-linux-gnu
Configured with: ../src/configure -v --with-pkgversion='Ubuntu/Linaro 4.6.3-1ubuntu5' --with-bugurl=file:///usr/share/doc/gcc-4.6/README.Bugs --enable-languages=c,c++,fortran,objc,obj-c++ --prefix=/usr --program-suffix=-4.6 --enable-shared --enable-linker-build-id --with-system-zlib --libexecdir=/usr/lib --without-included-gettext --enable-threads=posix --with-gxx-include-dir=/usr/include/c++/4.6 --libdir=/usr/lib --enable-nls --with-sysroot=/ --enable-clocale=gnu --enable-libstdcxx-debug --enable-libstdcxx-time=yes --enable-gnu-unique-object --enable-plugin --enable-objc-gc --disable-werror --with-arch-32=i686 --with-tune=generic --enable-checking=release --build=x86_64-linux-gnu --host=x86_64-linux-gnu --target=x86_64-linux-gnu
Thread model: posix
gcc version 4.6.3 (Ubuntu/Linaro 4.6.3-1ubuntu5) 
configure:5584: $? = 0
configure:5591: g++ -V >&5
g++: error: unrecognized option '-V'
g++: fatal error: no input files
compilation terminated.
configure:5594: $? = 4
configure:5597: checking whether we are using the GNU C++ compiler
configure:5626: g++ -c   conftest.cpp >&5
configure:5632: $? = 0
configure:5649: result: yes
configure:5654: checking whether g++ accepts -g
configure:5684: g++ -c -g  conftest.cpp >&5
configure:5690: $? = 0
configure:5789: result: yes
configure:5814: checking dependency style of g++
configure:5905: result: gcc3
configure:5930: checking how to run the C++ preprocessor
configure:5966: g++ -E  conftest.cpp
configure:5972: $? = 0
configure:6003: g++ -E  conftest.cpp
conftest.cpp:24:28: fatal error: ac_nonexistent.h: No such file or directory
compilation terminated.
configure:6009: $? = 1
configure: failed program was:
| /* confdefs.h.  */
| #define PACKAGE_NAME "file"
| #define PACKAGE_TARNAME "file"
| #define PACKAGE_VERSION "5.04"
| #define PACKAGE_STRING "file 5.04"
| #define PACKAGE_BUGREPORT "christos@astron.com"
| #define PACKAGE "file"
| #define VERSION "5.04"
| #define BUILTIN_ELF 1
| #define ELFCORE 1
| #define _GNU_SOURCE 1
| #define STDC_HEADERS 1
| #define HAVE_SYS_TYPES_H 1
| #define HAVE_SYS_STAT_H 1
| #define HAVE_STDLIB_H 1
| #define HAVE_STRING_H 1
| #define HAVE_MEMORY_H 1
| #define HAVE_STRINGS_H 1
| #define HAVE_INTTYPES_H 1
| #define HAVE_STDINT_H 1
| #define HAVE_UNISTD_H 1
| #define HAVE_DLFCN_H 1
| /* end confdefs.h.  */
| #include <ac_nonexistent.h>
configure:6042: result: g++ -E
configure:6071: g++ -E  conftest.cpp
configure:6077: $? = 0
configure:6108: g++ -E  conftest.cpp
conftest.cpp:24:28: fatal error: ac_nonexistent.h: No such file or directory
compilation terminated.
configure:6114: $? = 1
configure: failed program was:
| /* confdefs.h.  */
| #define PACKAGE_NAME "file"
| #define PACKAGE_TARNAME "file"
| #define PACKAGE_VERSION "5.04"
| #define PACKAGE_STRING "file 5.04"
| #define PACKAGE_BUGREPORT "christos@astron.com"
| #define PACKAGE "file"
| #define VERSION "5.04"
| #define BUILTIN_ELF 1
| #define ELFCORE 1
| #define _GNU_SOURCE 1
| #define STDC_HEADERS 1
| #define HAVE_SYS_TYPES_H 1
| #define HAVE_SYS_STAT_H 1
| #define HAVE_STDLIB_H 1
| #define HAVE_STRING_H 1
| #define HAVE_MEMORY_H 1
| #define HAVE_STRINGS_H 1
| #define HAVE_INTTYPES_H 1
| #define HAVE_STDINT_H 1
| #define HAVE_UNISTD_H 1
| #define HAVE_DLFCN_H 1
| /* end confdefs.h.  */
| #include <ac_nonexistent.h>
configure:6207: checking for g77
configure:6237: result: no
configure:6207: checking for xlf
configure:6237: result: no
configure:6207: checking for f77
configure:6237: result: no
configure:6207: checking for frt
configure:6237: result: no
configure:6207: checking for pgf77
configure:6237: result: no
configure:6207: checking for cf77
configure:6237: result: no
configure:6207: checking for fort77
configure:6237: result: no
configure:6207: checking for fl32
configure:6237: result: no
configure:6207: checking for af77
configure:6237: result: no
configure:6207: checking for xlf90
configure:6237: result: no
configure:6207: checking for f90
configure:6237: result: no
configure:6207: checking for pgf90
configure:6237: result: no
configure:6207: checking for pghpf
configure:6237: result: no
configure:6207: checking for epcf90
configure:6237: result: no
configure:6207: checking for gfortran
configure:6237: result: no
configure:6207: checking for g95
configure:6237: result: no
configure:6207: checking for xlf95
configure:6237: result: no
configure:6207: checking for f95
configure:6237: result: no
configure:6207: checking for fort
configure:6237: result: no
configure:6207: checking for ifort
configure:6237: result: no
configure:6207: checking for ifc
configure:6237: result: no
configure:6207: checking for efc
configure:6237: result: no
configure:6207: checking for pgf95
configure:6237: result: no
configure:6207: checking for lf95
configure:6237: result: no
configure:6207: checking for ftn
configure:6237: result: no
configure:6264: checking for Fortran 77 compiler version
configure:6271:  --version >&5
./configure: line 6272: --version: command not found
configure:6274: $? = 127
configure:6281:  -v >&5
./configure: line 6282: -v: command not found
configure:6284: $? = 127
configure:6291:  -V >&5
./configure: line 6292: -V: command not found
configure:6294: $? = 127
configure:6302: checking whether we are using the GNU Fortran 77 compiler
configure:6321:  -c  conftest.F >&5
./configure: line 6322: -c: command not found
configure:6327: $? = 127
configure: failed program was:
|       program main
| #ifndef __GNUC__
|        choke me
| #endif
| 
|       end
configure:6344: result: no
configure:6350: checking whether  accepts -g
configure:6367:  -c -g conftest.f >&5
./configure: line 6368: -c: command not found
configure:6373: $? = 127
configure: failed program was:
|       program main
| 
|       end
configure:6389: result: no
configure:6418: checking the maximum length of command line arguments
configure:6530: result: 1572864
configure:6542: checking command to parse /usr/bin/nm -B output from gcc object
configure:6647: gcc -c -g -O2  conftest.c >&5
configure:6650: $? = 0
configure:6654: /usr/bin/nm -B conftest.o \| sed -n -e 's/^.*[ 	]\([ABCDGIRSTW][ABCDGIRSTW]*\)[ 	][ 	]*\([_A-Za-z][_A-Za-z0-9]*\)$/\1 \2 \2/p' \> conftest.nm
configure:6657: $? = 0
configure:6709: gcc -o conftest -g -O2   conftest.c conftstm.o >&5
configure:6712: $? = 0
configure:6750: result: ok
configure:6754: checking for objdir
configure:6769: result: .libs
configure:6861: checking for ar
configure:6877: found /usr/bin/ar
configure:6888: result: ar
configure:6957: checking for ranlib
configure:6973: found /usr/bin/ranlib
configure:6984: result: ranlib
configure:7053: checking for strip
configure:7069: found /usr/bin/strip
configure:7080: result: strip
configure:7678: checking if gcc supports -fno-rtti -fno-exceptions
configure:7696: gcc -c -g -O2  -fno-rtti -fno-exceptions conftest.c >&5
cc1: warning: command line option '-fno-rtti' is valid for C++/ObjC++ but not for C [enabled by default]
configure:7700: $? = 0
configure:7713: result: no
configure:7728: checking for gcc option to produce PIC
configure:7960: result: -fPIC
configure:7968: checking if gcc PIC flag -fPIC works
configure:7986: gcc -c -g -O2  -fPIC -DPIC conftest.c >&5
configure:7990: $? = 0
configure:8003: result: yes
configure:8031: checking if gcc static flag -static works
configure:8059: result: yes
configure:8069: checking if gcc supports -c -o file.o
configure:8090: gcc -c -g -O2  -o out/conftest2.o conftest.c >&5
configure:8094: $? = 0
configure:8116: result: yes
configure:8142: checking whether the gcc linker (/usr/bin/ld -m elf_x86_64) supports shared libraries
configure:9122: result: yes
configure:9143: checking whether -lc should be explicitly linked in
configure:9148: gcc -c -g -O2  conftest.c >&5
configure:9151: $? = 0
configure:9166: gcc -shared conftest.o  -v -Wl,-soname -Wl,conftest -o conftest 2\>\&1 \| grep  -lc  \>/dev/null 2\>\&1
configure:9169: $? = 0
configure:9181: result: no
configure:9189: checking dynamic linker characteristics
configure:9791: result: GNU/Linux ld.so
configure:9815: checking how to hardcode library paths into programs
configure:9840: result: immediate
configure:9854: checking whether stripping libraries is possible
configure:9859: result: yes
configure:10661: checking if libtool supports shared libraries
configure:10663: result: yes
configure:10666: checking whether to build shared libraries
configure:10687: result: yes
configure:10690: checking whether to build static libraries
configure:10694: result: yes
configure:10788: creating libtool
configure:11381: checking for ld used by g++
configure:11448: result: /usr/bin/ld -m elf_x86_64
configure:11457: checking if the linker (/usr/bin/ld -m elf_x86_64) is GNU ld
configure:11472: result: yes
configure:11523: checking whether the g++ linker (/usr/bin/ld -m elf_x86_64) supports shared libraries
configure:12469: result: yes
configure:12486: g++ -c -g -O2  conftest.cpp >&5
configure:12489: $? = 0
configure:12645: checking for g++ option to produce PIC
configure:12929: result: -fPIC
configure:12937: checking if g++ PIC flag -fPIC works
configure:12955: g++ -c -g -O2  -fPIC -DPIC conftest.cpp >&5
configure:12959: $? = 0
configure:12972: result: yes
configure:13000: checking if g++ static flag -static works
configure:13028: result: yes
configure:13038: checking if g++ supports -c -o file.o
configure:13059: g++ -c -g -O2  -o out/conftest2.o conftest.cpp >&5
configure:13063: $? = 0
configure:13085: result: yes
configure:13111: checking whether the g++ linker (/usr/bin/ld -m elf_x86_64) supports shared libraries
configure:13137: result: yes
configure:13204: checking dynamic linker characteristics
configure:13754: result: GNU/Linux ld.so
configure:13778: checking how to hardcode library paths into programs
configure:13803: result: immediate
configure:20025: checking for ANSI C header files
configure:20189: result: yes
configure:20199: checking whether sys/types.h defines makedev
configure:20225: gcc -o conftest -g -O2   conftest.c  >&5
configure:20231: $? = 0
configure:20249: result: yes
configure:20536: checking for sys/wait.h that is POSIX.1 compatible
configure:20572: gcc -c -g -O2  conftest.c >&5
configure:20578: $? = 0
configure:20593: result: yes
configure:20613: checking for stdint.h
configure:20619: result: yes
configure:20623: checking fcntl.h usability
configure:20640: gcc -c -g -O2  conftest.c >&5
configure:20646: $? = 0
configure:20660: result: yes
configure:20664: checking fcntl.h presence
configure:20679: gcc -E  conftest.c
configure:20685: $? = 0
configure:20699: result: yes
configure:20732: checking for fcntl.h
configure:20740: result: yes
configure:20623: checking locale.h usability
configure:20640: gcc -c -g -O2  conftest.c >&5
configure:20646: $? = 0
configure:20660: result: yes
configure:20664: checking locale.h presence
configure:20679: gcc -E  conftest.c
configure:20685: $? = 0
configure:20699: result: yes
configure:20732: checking for locale.h
configure:20740: result: yes
configure:20613: checking for stdint.h
configure:20619: result: yes
configure:20613: checking for inttypes.h
configure:20619: result: yes
configure:20613: checking for unistd.h
configure:20619: result: yes
configure:20771: checking utime.h usability
configure:20788: gcc -c -g -O2  conftest.c >&5
configure:20794: $? = 0
configure:20808: result: yes
configure:20812: checking utime.h presence
configure:20827: gcc -E  conftest.c
configure:20833: $? = 0
configure:20847: result: yes
configure:20880: checking for utime.h
configure:20888: result: yes
configure:20771: checking wchar.h usability
configure:20788: gcc -c -g -O2  conftest.c >&5
configure:20794: $? = 0
configure:20808: result: yes
configure:20812: checking wchar.h presence
configure:20827: gcc -E  conftest.c
configure:20833: $? = 0
configure:20847: result: yes
configure:20880: checking for wchar.h
configure:20888: result: yes
configure:20771: checking wctype.h usability
configure:20788: gcc -c -g -O2  conftest.c >&5
configure:20794: $? = 0
configure:20808: result: yes
configure:20812: checking wctype.h presence
configure:20827: gcc -E  conftest.c
configure:20833: $? = 0
configure:20847: result: yes
configure:20880: checking for wctype.h
configure:20888: result: yes
configure:20771: checking limits.h usability
configure:20788: gcc -c -g -O2  conftest.c >&5
configure:20794: $? = 0
configure:20808: result: yes
configure:20812: checking limits.h presence
configure:20827: gcc -E  conftest.c
configure:20833: $? = 0
configure:20847: result: yes
configure:20880: checking for limits.h
configure:20888: result: yes
configure:20917: checking getopt.h usability
configure:20934: gcc -c -g -O2  conftest.c >&5
configure:20940: $? = 0
configure:20954: result: yes
configure:20958: checking getopt.h presence
configure:20973: gcc -E  conftest.c
configure:20979: $? = 0
configure:20993: result: yes
configure:21026: checking for getopt.h
configure:21034: result: yes
configure:20917: checking err.h usability
configure:20934: gcc -c -g -O2  conftest.c >&5
configure:20940: $? = 0
configure:20954: result: yes
configure:20958: checking err.h presence
configure:20973: gcc -E  conftest.c
configure:20979: $? = 0
configure:20993: result: yes
configure:21026: checking for err.h
configure:21034: result: yes
configure:21066: checking sys/mman.h usability
configure:21083: gcc -c -g -O2  conftest.c >&5
configure:21089: $? = 0
configure:21103: result: yes
configure:21107: checking sys/mman.h presence
configure:21122: gcc -E  conftest.c
configure:21128: $? = 0
configure:21142: result: yes
configure:21175: checking for sys/mman.h
configure:21183: result: yes
configure:21056: checking for sys/stat.h
configure:21062: result: yes
configure:21056: checking for sys/types.h
configure:21062: result: yes
configure:21066: checking sys/utime.h usability
configure:21083: gcc -c -g -O2  conftest.c >&5
conftest.c:74:23: fatal error: sys/utime.h: No such file or directory
compilation terminated.
configure:21089: $? = 1
configure: failed program was:
| /* confdefs.h.  */
| #define PACKAGE_NAME "file"
| #define PACKAGE_TARNAME "file"
| #define PACKAGE_VERSION "5.04"
| #define PACKAGE_STRING "file 5.04"
| #define PACKAGE_BUGREPORT "christos@astron.com"
| #define PACKAGE "file"
| #define VERSION "5.04"
| #define BUILTIN_ELF 1
| #define ELFCORE 1
| #define _GNU_SOURCE 1
| #define STDC_HEADERS 1
| #define HAVE_SYS_TYPES_H 1
| #define HAVE_SYS_STAT_H 1
| #define HAVE_STDLIB_H 1
| #define HAVE_STRING_H 1
| #define HAVE_MEMORY_H 1
| #define HAVE_STRINGS_H 1
| #define HAVE_INTTYPES_H 1
| #define HAVE_STDINT_H 1
| #define HAVE_UNISTD_H 1
| #define HAVE_DLFCN_H 1
| #define STDC_HEADERS 1
| #define HAVE_SYS_WAIT_H 1
| #define HAVE_STDINT_H 1
| #define HAVE_FCNTL_H 1
| #define HAVE_LOCALE_H 1
| #define HAVE_STDINT_H 1
| #define HAVE_INTTYPES_H 1
| #define HAVE_UNISTD_H 1
| #define HAVE_UTIME_H 1
| #define HAVE_WCHAR_H 1
| #define HAVE_WCTYPE_H 1
| #define HAVE_LIMITS_H 1
| #define HAVE_GETOPT_H 1
| #define HAVE_ERR_H 1
| #define HAVE_SYS_MMAN_H 1
| #define HAVE_SYS_STAT_H 1
| #define HAVE_SYS_TYPES_H 1
| /* end confdefs.h.  */
| #include <stdio.h>
| #ifdef HAVE_SYS_TYPES_H
| # include <sys/types.h>
| #endif
| #ifdef HAVE_SYS_STAT_H
| # include <sys/stat.h>
| #endif
| #ifdef STDC_HEADERS
| # include <stdlib.h>
| # include <stddef.h>
| #else
| # ifdef HAVE_STDLIB_H
| #  include <stdlib.h>
| # endif
| #endif
| #ifdef HAVE_STRING_H
| # if !defined STDC_HEADERS && defined HAVE_MEMORY_H
| #  include <memory.h>
| # endif
| # include <string.h>
| #endif
| #ifdef HAVE_STRINGS_H
| # include <strings.h>
| #endif
| #ifdef HAVE_INTTYPES_H
| # include <inttypes.h>
| #endif
| #ifdef HAVE_STDINT_H
| # include <stdint.h>
| #endif
| #ifdef HAVE_UNISTD_H
| # include <unistd.h>
| #endif
| #include <sys/utime.h>
configure:21103: result: no
configure:21107: checking sys/utime.h presence
configure:21122: gcc -E  conftest.c
conftest.c:41:23: fatal error: sys/utime.h: No such file or directory
compilation terminated.
configure:21128: $? = 1
configure: failed program was:
| /* confdefs.h.  */
| #define PACKAGE_NAME "file"
| #define PACKAGE_TARNAME "file"
| #define PACKAGE_VERSION "5.04"
| #define PACKAGE_STRING "file 5.04"
| #define PACKAGE_BUGREPORT "christos@astron.com"
| #define PACKAGE "file"
| #define VERSION "5.04"
| #define BUILTIN_ELF 1
| #define ELFCORE 1
| #define _GNU_SOURCE 1
| #define STDC_HEADERS 1
| #define HAVE_SYS_TYPES_H 1
| #define HAVE_SYS_STAT_H 1
| #define HAVE_STDLIB_H 1
| #define HAVE_STRING_H 1
| #define HAVE_MEMORY_H 1
| #define HAVE_STRINGS_H 1
| #define HAVE_INTTYPES_H 1
| #define HAVE_STDINT_H 1
| #define HAVE_UNISTD_H 1
| #define HAVE_DLFCN_H 1
| #define STDC_HEADERS 1
| #define HAVE_SYS_WAIT_H 1
| #define HAVE_STDINT_H 1
| #define HAVE_FCNTL_H 1
| #define HAVE_LOCALE_H 1
| #define HAVE_STDINT_H 1
| #define HAVE_INTTYPES_H 1
| #define HAVE_UNISTD_H 1
| #define HAVE_UTIME_H 1
| #define HAVE_WCHAR_H 1
| #define HAVE_WCTYPE_H 1
| #define HAVE_LIMITS_H 1
| #define HAVE_GETOPT_H 1
| #define HAVE_ERR_H 1
| #define HAVE_SYS_MMAN_H 1
| #define HAVE_SYS_STAT_H 1
| #define HAVE_SYS_TYPES_H 1
| /* end confdefs.h.  */
| #include <sys/utime.h>
configure:21142: result: no
configure:21175: checking for sys/utime.h
configure:21183: result: no
configure:21066: checking sys/time.h usability
configure:21083: gcc -c -g -O2  conftest.c >&5
configure:21089: $? = 0
configure:21103: result: yes
configure:21107: checking sys/time.h presence
configure:21122: gcc -E  conftest.c
configure:21128: $? = 0
configure:21142: result: yes
configure:21175: checking for sys/time.h
configure:21183: result: yes
configure:21211: checking zlib.h usability
configure:21228: gcc -c -g -O2  conftest.c >&5
conftest.c:75:18: fatal error: zlib.h: No such file or directory
compilation terminated.
configure:21234: $? = 1
configure: failed program was:
| /* confdefs.h.  */
| #define PACKAGE_NAME "file"
| #define PACKAGE_TARNAME "file"
| #define PACKAGE_VERSION "5.04"
| #define PACKAGE_STRING "file 5.04"
| #define PACKAGE_BUGREPORT "christos@astron.com"
| #define PACKAGE "file"
| #define VERSION "5.04"
| #define BUILTIN_ELF 1
| #define ELFCORE 1
| #define _GNU_SOURCE 1
| #define STDC_HEADERS 1
| #define HAVE_SYS_TYPES_H 1
| #define HAVE_SYS_STAT_H 1
| #define HAVE_STDLIB_H 1
| #define HAVE_STRING_H 1
| #define HAVE_MEMORY_H 1
| #define HAVE_STRINGS_H 1
| #define HAVE_INTTYPES_H 1
| #define HAVE_STDINT_H 1
| #define HAVE_UNISTD_H 1
| #define HAVE_DLFCN_H 1
| #define STDC_HEADERS 1
| #define HAVE_SYS_WAIT_H 1
| #define HAVE_STDINT_H 1
| #define HAVE_FCNTL_H 1
| #define HAVE_LOCALE_H 1
| #define HAVE_STDINT_H 1
| #define HAVE_INTTYPES_H 1
| #define HAVE_UNISTD_H 1
| #define HAVE_UTIME_H 1
| #define HAVE_WCHAR_H 1
| #define HAVE_WCTYPE_H 1
| #define HAVE_LIMITS_H 1
| #define HAVE_GETOPT_H 1
| #define HAVE_ERR_H 1
| #define HAVE_SYS_MMAN_H 1
| #define HAVE_SYS_STAT_H 1
| #define HAVE_SYS_TYPES_H 1
| #define HAVE_SYS_TIME_H 1
| /* end confdefs.h.  */
| #include <stdio.h>
| #ifdef HAVE_SYS_TYPES_H
| # include <sys/types.h>
| #endif
| #ifdef HAVE_SYS_STAT_H
| # include <sys/stat.h>
| #endif
| #ifdef STDC_HEADERS
| # include <stdlib.h>
| # include <stddef.h>
| #else
| # ifdef HAVE_STDLIB_H
| #  include <stdlib.h>
| # endif
| #endif
| #ifdef HAVE_STRING_H
| # if !defined STDC_HEADERS && defined HAVE_MEMORY_H
| #  include <memory.h>
| # endif
| # include <string.h>
| #endif
| #ifdef HAVE_STRINGS_H
| # include <strings.h>
| #endif
| #ifdef HAVE_INTTYPES_H
| # include <inttypes.h>
| #endif
| #ifdef HAVE_STDINT_H
| # include <stdint.h>
| #endif
| #ifdef HAVE_UNISTD_H
| # include <unistd.h>
| #endif
| #include <zlib.h>
configure:21248: result: no
configure:21252: checking zlib.h presence
configure:21267: gcc -E  conftest.c
conftest.c:42:18: fatal error: zlib.h: No such file or directory
compilation terminated.
configure:21273: $? = 1
configure: failed program was:
| /* confdefs.h.  */
| #define PACKAGE_NAME "file"
| #define PACKAGE_TARNAME "file"
| #define PACKAGE_VERSION "5.04"
| #define PACKAGE_STRING "file 5.04"
| #define PACKAGE_BUGREPORT "christos@astron.com"
| #define PACKAGE "file"
| #define VERSION "5.04"
| #define BUILTIN_ELF 1
| #define ELFCORE 1
| #define _GNU_SOURCE 1
| #define STDC_HEADERS 1
| #define HAVE_SYS_TYPES_H 1
| #define HAVE_SYS_STAT_H 1
| #define HAVE_STDLIB_H 1
| #define HAVE_STRING_H 1
| #define HAVE_MEMORY_H 1
| #define HAVE_STRINGS_H 1
| #define HAVE_INTTYPES_H 1
| #define HAVE_STDINT_H 1
| #define HAVE_UNISTD_H 1
| #define HAVE_DLFCN_H 1
| #define STDC_HEADERS 1
| #define HAVE_SYS_WAIT_H 1
| #define HAVE_STDINT_H 1
| #define HAVE_FCNTL_H 1
| #define HAVE_LOCALE_H 1
| #define HAVE_STDINT_H 1
| #define HAVE_INTTYPES_H 1
| #define HAVE_UNISTD_H 1
| #define HAVE_UTIME_H 1
| #define HAVE_WCHAR_H 1
| #define HAVE_WCTYPE_H 1
| #define HAVE_LIMITS_H 1
| #define HAVE_GETOPT_H 1
| #define HAVE_ERR_H 1
| #define HAVE_SYS_MMAN_H 1
| #define HAVE_SYS_STAT_H 1
| #define HAVE_SYS_TYPES_H 1
| #define HAVE_SYS_TIME_H 1
| /* end confdefs.h.  */
| #include <zlib.h>
configure:21287: result: no
configure:21320: checking for zlib.h
configure:21328: result: no
configure:21342: checking for an ANSI C-conforming const
configure:21417: gcc -c -g -O2  conftest.c >&5
configure:21423: $? = 0
configure:21438: result: yes
configure:21448: checking for off_t
configure:21478: gcc -c -g -O2  conftest.c >&5
configure:21484: $? = 0
configure:21499: result: yes
configure:21511: checking for size_t
configure:21541: gcc -c -g -O2  conftest.c >&5
configure:21547: $? = 0
configure:21562: result: yes
configure:21574: checking for struct stat.st_rdev
configure:21602: gcc -c -g -O2  conftest.c >&5
configure:21608: $? = 0
configure:21665: result: yes
configure:21677: checking whether struct tm is in sys/time.h or time.h
configure:21707: gcc -c -g -O2  conftest.c >&5
configure:21713: $? = 0
configure:21728: result: time.h
configure:21738: checking for struct tm.tm_gmtoff
configure:21766: gcc -c -g -O2  conftest.c >&5
conftest.c: In function 'main':
conftest.c:79:18: error: storage size of 'ac_aggr' isn't known
configure:21772: $? = 1
configure: failed program was:
| /* confdefs.h.  */
| #define PACKAGE_NAME "file"
| #define PACKAGE_TARNAME "file"
| #define PACKAGE_VERSION "5.04"
| #define PACKAGE_STRING "file 5.04"
| #define PACKAGE_BUGREPORT "christos@astron.com"
| #define PACKAGE "file"
| #define VERSION "5.04"
| #define BUILTIN_ELF 1
| #define ELFCORE 1
| #define _GNU_SOURCE 1
| #define STDC_HEADERS 1
| #define HAVE_SYS_TYPES_H 1
| #define HAVE_SYS_STAT_H 1
| #define HAVE_STDLIB_H 1
| #define HAVE_STRING_H 1
| #define HAVE_MEMORY_H 1
| #define HAVE_STRINGS_H 1
| #define HAVE_INTTYPES_H 1
| #define HAVE_STDINT_H 1
| #define HAVE_UNISTD_H 1
| #define HAVE_DLFCN_H 1
| #define STDC_HEADERS 1
| #define HAVE_SYS_WAIT_H 1
| #define HAVE_STDINT_H 1
| #define HAVE_FCNTL_H 1
| #define HAVE_LOCALE_H 1
| #define HAVE_STDINT_H 1
| #define HAVE_INTTYPES_H 1
| #define HAVE_UNISTD_H 1
| #define HAVE_UTIME_H 1
| #define HAVE_WCHAR_H 1
| #define HAVE_WCTYPE_H 1
| #define HAVE_LIMITS_H 1
| #define HAVE_GETOPT_H 1
| #define HAVE_ERR_H 1
| #define HAVE_SYS_MMAN_H 1
| #define HAVE_SYS_STAT_H 1
| #define HAVE_SYS_TYPES_H 1
| #define HAVE_SYS_TIME_H 1
| #define HAVE_STRUCT_STAT_ST_RDEV 1
| /* end confdefs.h.  */
| #include <stdio.h>
| #ifdef HAVE_SYS_TYPES_H
| # include <sys/types.h>
| #endif
| #ifdef HAVE_SYS_STAT_H
| # include <sys/stat.h>
| #endif
| #ifdef STDC_HEADERS
| # include <stdlib.h>
| # include <stddef.h>
| #else
| # ifdef HAVE_STDLIB_H
| #  include <stdlib.h>
| # endif
| #endif
| #ifdef HAVE_STRING_H
| # if !defined STDC_HEADERS && defined HAVE_MEMORY_H
| #  include <memory.h>
| # endif
| # include <string.h>
| #endif
| #ifdef HAVE_STRINGS_H
| # include <strings.h>
| #endif
| #ifdef HAVE_INTTYPES_H
| # include <inttypes.h>
| #endif
| #ifdef HAVE_STDINT_H
| # include <stdint.h>
| #endif
| #ifdef HAVE_UNISTD_H
| # include <unistd.h>
| #endif
| int
| main ()
| {
| static struct tm ac_aggr;
| if (ac_aggr.tm_gmtoff)
| return 0;
|   ;
|   return 0;
| }
configure:21805: gcc -c -g -O2  conftest.c >&5
conftest.c: In function 'main':
conftest.c:79:18: error: storage size of 'ac_aggr' isn't known
configure:21811: $? = 1
configure: failed program was:
| /* confdefs.h.  */
| #define PACKAGE_NAME "file"
| #define PACKAGE_TARNAME "file"
| #define PACKAGE_VERSION "5.04"
| #define PACKAGE_STRING "file 5.04"
| #define PACKAGE_BUGREPORT "christos@astron.com"
| #define PACKAGE "file"
| #define VERSION "5.04"
| #define BUILTIN_ELF 1
| #define ELFCORE 1
| #define _GNU_SOURCE 1
| #define STDC_HEADERS 1
| #define HAVE_SYS_TYPES_H 1
| #define HAVE_SYS_STAT_H 1
| #define HAVE_STDLIB_H 1
| #define HAVE_STRING_H 1
| #define HAVE_MEMORY_H 1
| #define HAVE_STRINGS_H 1
| #define HAVE_INTTYPES_H 1
| #define HAVE_STDINT_H 1
| #define HAVE_UNISTD_H 1
| #define HAVE_DLFCN_H 1
| #define STDC_HEADERS 1
| #define HAVE_SYS_WAIT_H 1
| #define HAVE_STDINT_H 1
| #define HAVE_FCNTL_H 1
| #define HAVE_LOCALE_H 1
| #define HAVE_STDINT_H 1
| #define HAVE_INTTYPES_H 1
| #define HAVE_UNISTD_H 1
| #define HAVE_UTIME_H 1
| #define HAVE_WCHAR_H 1
| #define HAVE_WCTYPE_H 1
| #define HAVE_LIMITS_H 1
| #define HAVE_GETOPT_H 1
| #define HAVE_ERR_H 1
| #define HAVE_SYS_MMAN_H 1
| #define HAVE_SYS_STAT_H 1
| #define HAVE_SYS_TYPES_H 1
| #define HAVE_SYS_TIME_H 1
| #define HAVE_STRUCT_STAT_ST_RDEV 1
| /* end confdefs.h.  */
| #include <stdio.h>
| #ifdef HAVE_SYS_TYPES_H
| # include <sys/types.h>
| #endif
| #ifdef HAVE_SYS_STAT_H
| # include <sys/stat.h>
| #endif
| #ifdef STDC_HEADERS
| # include <stdlib.h>
| # include <stddef.h>
| #else
| # ifdef HAVE_STDLIB_H
| #  include <stdlib.h>
| # endif
| #endif
| #ifdef HAVE_STRING_H
| # if !defined STDC_HEADERS && defined HAVE_MEMORY_H
| #  include <memory.h>
| # endif
| # include <string.h>
| #endif
| #ifdef HAVE_STRINGS_H
| # include <strings.h>
| #endif
| #ifdef HAVE_INTTYPES_H
| # include <inttypes.h>
| #endif
| #ifdef HAVE_STDINT_H
| # include <stdint.h>
| #endif
| #ifdef HAVE_UNISTD_H
| # include <unistd.h>
| #endif
| int
| main ()
| {
| static struct tm ac_aggr;
| if (sizeof ac_aggr.tm_gmtoff)
| return 0;
|   ;
|   return 0;
| }
configure:21829: result: no
configure:21839: checking for struct tm.tm_zone
configure:21867: gcc -c -g -O2  conftest.c >&5
conftest.c: In function 'main':
conftest.c:79:18: error: storage size of 'ac_aggr' isn't known
configure:21873: $? = 1
configure: failed program was:
| /* confdefs.h.  */
| #define PACKAGE_NAME "file"
| #define PACKAGE_TARNAME "file"
| #define PACKAGE_VERSION "5.04"
| #define PACKAGE_STRING "file 5.04"
| #define PACKAGE_BUGREPORT "christos@astron.com"
| #define PACKAGE "file"
| #define VERSION "5.04"
| #define BUILTIN_ELF 1
| #define ELFCORE 1
| #define _GNU_SOURCE 1
| #define STDC_HEADERS 1
| #define HAVE_SYS_TYPES_H 1
| #define HAVE_SYS_STAT_H 1
| #define HAVE_STDLIB_H 1
| #define HAVE_STRING_H 1
| #define HAVE_MEMORY_H 1
| #define HAVE_STRINGS_H 1
| #define HAVE_INTTYPES_H 1
| #define HAVE_STDINT_H 1
| #define HAVE_UNISTD_H 1
| #define HAVE_DLFCN_H 1
| #define STDC_HEADERS 1
| #define HAVE_SYS_WAIT_H 1
| #define HAVE_STDINT_H 1
| #define HAVE_FCNTL_H 1
| #define HAVE_LOCALE_H 1
| #define HAVE_STDINT_H 1
| #define HAVE_INTTYPES_H 1
| #define HAVE_UNISTD_H 1
| #define HAVE_UTIME_H 1
| #define HAVE_WCHAR_H 1
| #define HAVE_WCTYPE_H 1
| #define HAVE_LIMITS_H 1
| #define HAVE_GETOPT_H 1
| #define HAVE_ERR_H 1
| #define HAVE_SYS_MMAN_H 1
| #define HAVE_SYS_STAT_H 1
| #define HAVE_SYS_TYPES_H 1
| #define HAVE_SYS_TIME_H 1
| #define HAVE_STRUCT_STAT_ST_RDEV 1
| /* end confdefs.h.  */
| #include <stdio.h>
| #ifdef HAVE_SYS_TYPES_H
| # include <sys/types.h>
| #endif
| #ifdef HAVE_SYS_STAT_H
| # include <sys/stat.h>
| #endif
| #ifdef STDC_HEADERS
| # include <stdlib.h>
| # include <stddef.h>
| #else
| # ifdef HAVE_STDLIB_H
| #  include <stdlib.h>
| # endif
| #endif
| #ifdef HAVE_STRING_H
| # if !defined STDC_HEADERS && defined HAVE_MEMORY_H
| #  include <memory.h>
| # endif
| # include <string.h>
| #endif
| #ifdef HAVE_STRINGS_H
| # include <strings.h>
| #endif
| #ifdef HAVE_INTTYPES_H
| # include <inttypes.h>
| #endif
| #ifdef HAVE_STDINT_H
| # include <stdint.h>
| #endif
| #ifdef HAVE_UNISTD_H
| # include <unistd.h>
| #endif
| int
| main ()
| {
| static struct tm ac_aggr;
| if (ac_aggr.tm_zone)
| return 0;
|   ;
|   return 0;
| }
configure:21906: gcc -c -g -O2  conftest.c >&5
conftest.c: In function 'main':
conftest.c:79:18: error: storage size of 'ac_aggr' isn't known
configure:21912: $? = 1
configure: failed program was:
| /* confdefs.h.  */
| #define PACKAGE_NAME "file"
| #define PACKAGE_TARNAME "file"
| #define PACKAGE_VERSION "5.04"
| #define PACKAGE_STRING "file 5.04"
| #define PACKAGE_BUGREPORT "christos@astron.com"
| #define PACKAGE "file"
| #define VERSION "5.04"
| #define BUILTIN_ELF 1
| #define ELFCORE 1
| #define _GNU_SOURCE 1
| #define STDC_HEADERS 1
| #define HAVE_SYS_TYPES_H 1
| #define HAVE_SYS_STAT_H 1
| #define HAVE_STDLIB_H 1
| #define HAVE_STRING_H 1
| #define HAVE_MEMORY_H 1
| #define HAVE_STRINGS_H 1
| #define HAVE_INTTYPES_H 1
| #define HAVE_STDINT_H 1
| #define HAVE_UNISTD_H 1
| #define HAVE_DLFCN_H 1
| #define STDC_HEADERS 1
| #define HAVE_SYS_WAIT_H 1
| #define HAVE_STDINT_H 1
| #define HAVE_FCNTL_H 1
| #define HAVE_LOCALE_H 1
| #define HAVE_STDINT_H 1
| #define HAVE_INTTYPES_H 1
| #define HAVE_UNISTD_H 1
| #define HAVE_UTIME_H 1
| #define HAVE_WCHAR_H 1
| #define HAVE_WCTYPE_H 1
| #define HAVE_LIMITS_H 1
| #define HAVE_GETOPT_H 1
| #define HAVE_ERR_H 1
| #define HAVE_SYS_MMAN_H 1
| #define HAVE_SYS_STAT_H 1
| #define HAVE_SYS_TYPES_H 1
| #define HAVE_SYS_TIME_H 1
| #define HAVE_STRUCT_STAT_ST_RDEV 1
| /* end confdefs.h.  */
| #include <stdio.h>
| #ifdef HAVE_SYS_TYPES_H
| # include <sys/types.h>
| #endif
| #ifdef HAVE_SYS_STAT_H
| # include <sys/stat.h>
| #endif
| #ifdef STDC_HEADERS
| # include <stdlib.h>
| # include <stddef.h>
| #else
| # ifdef HAVE_STDLIB_H
| #  include <stdlib.h>
| # endif
| #endif
| #ifdef HAVE_STRING_H
| # if !defined STDC_HEADERS && defined HAVE_MEMORY_H
| #  include <memory.h>
| # endif
| # include <string.h>
| #endif
| #ifdef HAVE_STRINGS_H
| # include <strings.h>
| #endif
| #ifdef HAVE_INTTYPES_H
| # include <inttypes.h>
| #endif
| #ifdef HAVE_STDINT_H
| # include <stdint.h>
| #endif
| #ifdef HAVE_UNISTD_H
| # include <unistd.h>
| #endif
| int
| main ()
| {
| static struct tm ac_aggr;
| if (sizeof ac_aggr.tm_zone)
| return 0;
|   ;
|   return 0;
| }
configure:21930: result: no
configure:21941: checking for tm_zone in struct tm
configure:21968: gcc -c -g -O2  conftest.c >&5
configure:21974: $? = 0
configure:21989: result: yes
configure:21999: checking for tzname
configure:22028: gcc -o conftest -g -O2   conftest.c  >&5
configure:22034: $? = 0
configure:22051: result: yes
configure:22061: checking for tm_isdst in struct tm
configure:22088: gcc -c -g -O2  conftest.c >&5
configure:22094: $? = 0
configure:22109: result: yes
configure:22119: checking for daylight
configure:22148: gcc -o conftest -g -O2   conftest.c  >&5
configure:22154: $? = 0
configure:22171: result: yes
configure:22188: checking for special C compiler options needed for large files
configure:22281: result: no
configure:22287: checking for _FILE_OFFSET_BITS value needed for large files
configure:22322: gcc -c -g -O2  conftest.c >&5
configure:22328: $? = 0
configure:22396: result: no
configure:22531: checking for _LARGEFILE_SOURCE value needed for large files
configure:22558: gcc -o conftest -g -O2   conftest.c  >&5
configure:22564: $? = 0
configure:22628: result: no
configure:22651: checking for mbstate_t
configure:22678: gcc -c -g -O2  conftest.c >&5
configure:22684: $? = 0
configure:22699: result: yes
configure:22715: checking for struct option in getopt
configure:22741: gcc -c -g -O2  conftest.c >&5
configure:22747: $? = 0
configure:22762: result: yes
configure:22773: checking for uint8_t
configure:22803: gcc -c -g -O2  conftest.c >&5
configure:22809: $? = 0
configure:22824: result: yes
configure:22834: checking for uint16_t
configure:22864: gcc -c -g -O2  conftest.c >&5
configure:22870: $? = 0
configure:22885: result: yes
configure:22895: checking for uint32_t
configure:22925: gcc -c -g -O2  conftest.c >&5
configure:22931: $? = 0
configure:22946: result: yes
configure:22956: checking for int32_t
configure:22986: gcc -c -g -O2  conftest.c >&5
configure:22992: $? = 0
configure:23007: result: yes
configure:23017: checking for uint64_t
configure:23047: gcc -c -g -O2  conftest.c >&5
configure:23053: $? = 0
configure:23068: result: yes
configure:23078: checking for int64_t
configure:23108: gcc -c -g -O2  conftest.c >&5
configure:23114: $? = 0
configure:23129: result: yes
configure:23140: checking for long long
configure:23170: gcc -c -g -O2  conftest.c >&5
configure:23176: $? = 0
configure:23191: result: yes
configure:23198: checking size of long long
configure:23500: gcc -o conftest -g -O2   conftest.c  >&5
configure:23503: $? = 0
configure:23509: ./conftest
configure:23512: $? = 0
configure:23535: result: 8
configure:23548: checking for gcc compiler warnings
configure:23567: result: yes
configure:23594: checking for mmap
configure:23650: gcc -o conftest -g -O2   conftest.c  >&5
configure:23656: $? = 0
configure:23674: result: yes
configure:23594: checking for strerror
configure:23650: gcc -o conftest -g -O2   conftest.c  >&5
configure:23656: $? = 0
configure:23674: result: yes
configure:23594: checking for strndup
configure:23650: gcc -o conftest -g -O2   conftest.c  >&5
conftest.c:82:6: warning: conflicting types for built-in function 'strndup' [enabled by default]
configure:23656: $? = 0
configure:23674: result: yes
configure:23594: checking for strtoul
configure:23650: gcc -o conftest -g -O2   conftest.c  >&5
configure:23656: $? = 0
configure:23674: result: yes
configure:23594: checking for mbrtowc
configure:23650: gcc -o conftest -g -O2   conftest.c  >&5
configure:23656: $? = 0
configure:23674: result: yes
configure:23594: checking for mkstemp
configure:23650: gcc -o conftest -g -O2   conftest.c  >&5
configure:23656: $? = 0
configure:23674: result: yes
configure:23594: checking for utimes
configure:23650: gcc -o conftest -g -O2   conftest.c  >&5
configure:23656: $? = 0
configure:23674: result: yes
configure:23594: checking for utime
configure:23650: gcc -o conftest -g -O2   conftest.c  >&5
configure:23656: $? = 0
configure:23674: result: yes
configure:23594: checking for wcwidth
configure:23650: gcc -o conftest -g -O2   conftest.c  >&5
configure:23656: $? = 0
configure:23674: result: yes
configure:23594: checking for strtof
configure:23650: gcc -o conftest -g -O2   conftest.c  >&5
configure:23656: $? = 0
configure:23674: result: yes
configure:23693: checking for getopt_long
configure:23749: gcc -o conftest -g -O2   conftest.c  >&5
configure:23755: $? = 0
configure:23773: result: yes
configure:23693: checking for asprintf
configure:23749: gcc -o conftest -g -O2   conftest.c  >&5
configure:23755: $? = 0
configure:23773: result: yes
configure:23693: checking for vasprintf
configure:23749: gcc -o conftest -g -O2   conftest.c  >&5
configure:23755: $? = 0
configure:23773: result: yes
configure:23693: checking for strlcpy
configure:23749: gcc -o conftest -g -O2   conftest.c  >&5
/tmp/cc7uQONm.o: In function `main':
/home/davetaz/ref/tools/file/file-5.04/conftest.c:104: undefined reference to `strlcpy'
collect2: ld returned 1 exit status
configure:23755: $? = 1
configure: failed program was:
| /* confdefs.h.  */
| #define PACKAGE_NAME "file"
| #define PACKAGE_TARNAME "file"
| #define PACKAGE_VERSION "5.04"
| #define PACKAGE_STRING "file 5.04"
| #define PACKAGE_BUGREPORT "christos@astron.com"
| #define PACKAGE "file"
| #define VERSION "5.04"
| #define BUILTIN_ELF 1
| #define ELFCORE 1
| #define _GNU_SOURCE 1
| #define STDC_HEADERS 1
| #define HAVE_SYS_TYPES_H 1
| #define HAVE_SYS_STAT_H 1
| #define HAVE_STDLIB_H 1
| #define HAVE_STRING_H 1
| #define HAVE_MEMORY_H 1
| #define HAVE_STRINGS_H 1
| #define HAVE_INTTYPES_H 1
| #define HAVE_STDINT_H 1
| #define HAVE_UNISTD_H 1
| #define HAVE_DLFCN_H 1
| #define STDC_HEADERS 1
| #define HAVE_SYS_WAIT_H 1
| #define HAVE_STDINT_H 1
| #define HAVE_FCNTL_H 1
| #define HAVE_LOCALE_H 1
| #define HAVE_STDINT_H 1
| #define HAVE_INTTYPES_H 1
| #define HAVE_UNISTD_H 1
| #define HAVE_UTIME_H 1
| #define HAVE_WCHAR_H 1
| #define HAVE_WCTYPE_H 1
| #define HAVE_LIMITS_H 1
| #define HAVE_GETOPT_H 1
| #define HAVE_ERR_H 1
| #define HAVE_SYS_MMAN_H 1
| #define HAVE_SYS_STAT_H 1
| #define HAVE_SYS_TYPES_H 1
| #define HAVE_SYS_TIME_H 1
| #define HAVE_STRUCT_STAT_ST_RDEV 1
| #define HAVE_TM_ZONE 1
| #define HAVE_TZNAME 1
| #define HAVE_TM_ISDST 1
| #define HAVE_DAYLIGHT 1
| #define HAVE_FSEEKO 1
| #define HAVE_MBSTATE_T 1
| #define HAVE_STRUCT_OPTION 1
| #define HAVE_UINT8_T 1
| #define HAVE_UINT16_T 1
| #define HAVE_UINT32_T 1
| #define HAVE_INT32_T 1
| #define HAVE_UINT64_T 1
| #define HAVE_INT64_T 1
| #define SIZEOF_LONG_LONG 8
| #define HAVE_MMAP 1
| #define HAVE_STRERROR 1
| #define HAVE_STRNDUP 1
| #define HAVE_STRTOUL 1
| #define HAVE_MBRTOWC 1
| #define HAVE_MKSTEMP 1
| #define HAVE_UTIMES 1
| #define HAVE_UTIME 1
| #define HAVE_WCWIDTH 1
| #define HAVE_STRTOF 1
| #define HAVE_GETOPT_LONG 1
| #define HAVE_ASPRINTF 1
| #define HAVE_VASPRINTF 1
| /* end confdefs.h.  */
| /* Define strlcpy to an innocuous variant, in case <limits.h> declares strlcpy.
|    For example, HP-UX 11i <limits.h> declares gettimeofday.  */
| #define strlcpy innocuous_strlcpy
| 
| /* System header to define __stub macros and hopefully few prototypes,
|     which can conflict with char strlcpy (); below.
|     Prefer <limits.h> to <assert.h> if __STDC__ is defined, since
|     <limits.h> exists even on freestanding compilers.  */
| 
| #ifdef __STDC__
| # include <limits.h>
| #else
| # include <assert.h>
| #endif
| 
| #undef strlcpy
| 
| /* Override any GCC internal prototype to avoid an error.
|    Use char because int might match the return type of a GCC
|    builtin and then its argument prototype would still apply.  */
| #ifdef __cplusplus
| extern "C"
| #endif
| char strlcpy ();
| /* The GNU C library defines this for functions which it implements
|     to always fail with ENOSYS.  Some functions are actually named
|     something starting with __ and the normal name is an alias.  */
| #if defined __stub_strlcpy || defined __stub___strlcpy
| choke me
| #endif
| 
| int
| main ()
| {
| return strlcpy ();
|   ;
|   return 0;
| }
configure:23773: result: no
configure:23693: checking for strlcat
configure:23749: gcc -o conftest -g -O2   conftest.c  >&5
/tmp/ccKPMp3n.o: In function `main':
/home/davetaz/ref/tools/file/file-5.04/conftest.c:104: undefined reference to `strlcat'
collect2: ld returned 1 exit status
configure:23755: $? = 1
configure: failed program was:
| /* confdefs.h.  */
| #define PACKAGE_NAME "file"
| #define PACKAGE_TARNAME "file"
| #define PACKAGE_VERSION "5.04"
| #define PACKAGE_STRING "file 5.04"
| #define PACKAGE_BUGREPORT "christos@astron.com"
| #define PACKAGE "file"
| #define VERSION "5.04"
| #define BUILTIN_ELF 1
| #define ELFCORE 1
| #define _GNU_SOURCE 1
| #define STDC_HEADERS 1
| #define HAVE_SYS_TYPES_H 1
| #define HAVE_SYS_STAT_H 1
| #define HAVE_STDLIB_H 1
| #define HAVE_STRING_H 1
| #define HAVE_MEMORY_H 1
| #define HAVE_STRINGS_H 1
| #define HAVE_INTTYPES_H 1
| #define HAVE_STDINT_H 1
| #define HAVE_UNISTD_H 1
| #define HAVE_DLFCN_H 1
| #define STDC_HEADERS 1
| #define HAVE_SYS_WAIT_H 1
| #define HAVE_STDINT_H 1
| #define HAVE_FCNTL_H 1
| #define HAVE_LOCALE_H 1
| #define HAVE_STDINT_H 1
| #define HAVE_INTTYPES_H 1
| #define HAVE_UNISTD_H 1
| #define HAVE_UTIME_H 1
| #define HAVE_WCHAR_H 1
| #define HAVE_WCTYPE_H 1
| #define HAVE_LIMITS_H 1
| #define HAVE_GETOPT_H 1
| #define HAVE_ERR_H 1
| #define HAVE_SYS_MMAN_H 1
| #define HAVE_SYS_STAT_H 1
| #define HAVE_SYS_TYPES_H 1
| #define HAVE_SYS_TIME_H 1
| #define HAVE_STRUCT_STAT_ST_RDEV 1
| #define HAVE_TM_ZONE 1
| #define HAVE_TZNAME 1
| #define HAVE_TM_ISDST 1
| #define HAVE_DAYLIGHT 1
| #define HAVE_FSEEKO 1
| #define HAVE_MBSTATE_T 1
| #define HAVE_STRUCT_OPTION 1
| #define HAVE_UINT8_T 1
| #define HAVE_UINT16_T 1
| #define HAVE_UINT32_T 1
| #define HAVE_INT32_T 1
| #define HAVE_UINT64_T 1
| #define HAVE_INT64_T 1
| #define SIZEOF_LONG_LONG 8
| #define HAVE_MMAP 1
| #define HAVE_STRERROR 1
| #define HAVE_STRNDUP 1
| #define HAVE_STRTOUL 1
| #define HAVE_MBRTOWC 1
| #define HAVE_MKSTEMP 1
| #define HAVE_UTIMES 1
| #define HAVE_UTIME 1
| #define HAVE_WCWIDTH 1
| #define HAVE_STRTOF 1
| #define HAVE_GETOPT_LONG 1
| #define HAVE_ASPRINTF 1
| #define HAVE_VASPRINTF 1
| /* end confdefs.h.  */
| /* Define strlcat to an innocuous variant, in case <limits.h> declares strlcat.
|    For example, HP-UX 11i <limits.h> declares gettimeofday.  */
| #define strlcat innocuous_strlcat
| 
| /* System header to define __stub macros and hopefully few prototypes,
|     which can conflict with char strlcat (); below.
|     Prefer <limits.h> to <assert.h> if __STDC__ is defined, since
|     <limits.h> exists even on freestanding compilers.  */
| 
| #ifdef __STDC__
| # include <limits.h>
| #else
| # include <assert.h>
| #endif
| 
| #undef strlcat
| 
| /* Override any GCC internal prototype to avoid an error.
|    Use char because int might match the return type of a GCC
|    builtin and then its argument prototype would still apply.  */
| #ifdef __cplusplus
| extern "C"
| #endif
| char strlcat ();
| /* The GNU C library defines this for functions which it implements
|     to always fail with ENOSYS.  Some functions are actually named
|     something starting with __ and the normal name is an alias.  */
| #if defined __stub_strlcat || defined __stub___strlcat
| choke me
| #endif
| 
| int
| main ()
| {
| return strlcat ();
|   ;
|   return 0;
| }
configure:23773: result: no
configure:23793: checking for gzopen in -lz
configure:23828: gcc -o conftest -g -O2   conftest.c -lz   >&5
/usr/bin/ld: cannot find -lz
collect2: ld returned 1 exit status
configure:23834: $? = 1
configure: failed program was:
| /* confdefs.h.  */
| #define PACKAGE_NAME "file"
| #define PACKAGE_TARNAME "file"
| #define PACKAGE_VERSION "5.04"
| #define PACKAGE_STRING "file 5.04"
| #define PACKAGE_BUGREPORT "christos@astron.com"
| #define PACKAGE "file"
| #define VERSION "5.04"
| #define BUILTIN_ELF 1
| #define ELFCORE 1
| #define _GNU_SOURCE 1
| #define STDC_HEADERS 1
| #define HAVE_SYS_TYPES_H 1
| #define HAVE_SYS_STAT_H 1
| #define HAVE_STDLIB_H 1
| #define HAVE_STRING_H 1
| #define HAVE_MEMORY_H 1
| #define HAVE_STRINGS_H 1
| #define HAVE_INTTYPES_H 1
| #define HAVE_STDINT_H 1
| #define HAVE_UNISTD_H 1
| #define HAVE_DLFCN_H 1
| #define STDC_HEADERS 1
| #define HAVE_SYS_WAIT_H 1
| #define HAVE_STDINT_H 1
| #define HAVE_FCNTL_H 1
| #define HAVE_LOCALE_H 1
| #define HAVE_STDINT_H 1
| #define HAVE_INTTYPES_H 1
| #define HAVE_UNISTD_H 1
| #define HAVE_UTIME_H 1
| #define HAVE_WCHAR_H 1
| #define HAVE_WCTYPE_H 1
| #define HAVE_LIMITS_H 1
| #define HAVE_GETOPT_H 1
| #define HAVE_ERR_H 1
| #define HAVE_SYS_MMAN_H 1
| #define HAVE_SYS_STAT_H 1
| #define HAVE_SYS_TYPES_H 1
| #define HAVE_SYS_TIME_H 1
| #define HAVE_STRUCT_STAT_ST_RDEV 1
| #define HAVE_TM_ZONE 1
| #define HAVE_TZNAME 1
| #define HAVE_TM_ISDST 1
| #define HAVE_DAYLIGHT 1
| #define HAVE_FSEEKO 1
| #define HAVE_MBSTATE_T 1
| #define HAVE_STRUCT_OPTION 1
| #define HAVE_UINT8_T 1
| #define HAVE_UINT16_T 1
| #define HAVE_UINT32_T 1
| #define HAVE_INT32_T 1
| #define HAVE_UINT64_T 1
| #define HAVE_INT64_T 1
| #define SIZEOF_LONG_LONG 8
| #define HAVE_MMAP 1
| #define HAVE_STRERROR 1
| #define HAVE_STRNDUP 1
| #define HAVE_STRTOUL 1
| #define HAVE_MBRTOWC 1
| #define HAVE_MKSTEMP 1
| #define HAVE_UTIMES 1
| #define HAVE_UTIME 1
| #define HAVE_WCWIDTH 1
| #define HAVE_STRTOF 1
| #define HAVE_GETOPT_LONG 1
| #define HAVE_ASPRINTF 1
| #define HAVE_VASPRINTF 1
| /* end confdefs.h.  */
| 
| /* Override any GCC internal prototype to avoid an error.
|    Use char because int might match the return type of a GCC
|    builtin and then its argument prototype would still apply.  */
| #ifdef __cplusplus
| extern "C"
| #endif
| char gzopen ();
| int
| main ()
| {
| return gzopen ();
|   ;
|   return 0;
| }
configure:23852: result: no
configure:24010: creating ./config.status

## ---------------------- ##
## Running config.status. ##
## ---------------------- ##

This file was extended by file config.status 5.04, which was
generated by GNU Autoconf 2.61.  Invocation command line was

  CONFIG_FILES    = 
  CONFIG_HEADERS  = 
  CONFIG_LINKS    = 
  CONFIG_COMMANDS = 
  $ ./config.status 

on ref

config.status:676: creating Makefile
config.status:676: creating src/Makefile
config.status:676: creating magic/Makefile
config.status:676: creating tests/Makefile
config.status:676: creating doc/Makefile
config.status:676: creating python/Makefile
config.status:676: creating config.h
config.status:1006: executing depfiles commands

## ---------------- ##
## Cache variables. ##
## ---------------- ##

ac_cv_build=x86_64-unknown-linux-gnu
ac_cv_c_compiler_gnu=yes
ac_cv_c_const=yes
ac_cv_cxx_compiler_gnu=yes
ac_cv_env_CCC_set=
ac_cv_env_CCC_value=
ac_cv_env_CC_set=
ac_cv_env_CC_value=
ac_cv_env_CFLAGS_set=
ac_cv_env_CFLAGS_value=
ac_cv_env_CPPFLAGS_set=
ac_cv_env_CPPFLAGS_value=
ac_cv_env_CPP_set=
ac_cv_env_CPP_value=
ac_cv_env_CXXCPP_set=
ac_cv_env_CXXCPP_value=
ac_cv_env_CXXFLAGS_set=
ac_cv_env_CXXFLAGS_value=
ac_cv_env_CXX_set=
ac_cv_env_CXX_value=
ac_cv_env_F77_set=
ac_cv_env_F77_value=
ac_cv_env_FFLAGS_set=
ac_cv_env_FFLAGS_value=
ac_cv_env_LDFLAGS_set=
ac_cv_env_LDFLAGS_value=
ac_cv_env_LIBS_set=
ac_cv_env_LIBS_value=
ac_cv_env_build_alias_set=
ac_cv_env_build_alias_value=
ac_cv_env_host_alias_set=
ac_cv_env_host_alias_value=
ac_cv_env_target_alias_set=
ac_cv_env_target_alias_value=
ac_cv_f77_compiler_gnu=no
ac_cv_func_asprintf=yes
ac_cv_func_getopt_long=yes
ac_cv_func_mbrtowc=yes
ac_cv_func_mkstemp=yes
ac_cv_func_mmap=yes
ac_cv_func_strerror=yes
ac_cv_func_strlcat=no
ac_cv_func_strlcpy=no
ac_cv_func_strndup=yes
ac_cv_func_strtof=yes
ac_cv_func_strtoul=yes
ac_cv_func_utime=yes
ac_cv_func_utimes=yes
ac_cv_func_vasprintf=yes
ac_cv_func_wcwidth=yes
ac_cv_header_dlfcn_h=yes
ac_cv_header_err_h=yes
ac_cv_header_fcntl_h=yes
ac_cv_header_getopt_h=yes
ac_cv_header_inttypes_h=yes
ac_cv_header_limits_h=yes
ac_cv_header_locale_h=yes
ac_cv_header_memory_h=yes
ac_cv_header_stdc=yes
ac_cv_header_stdint_h=yes
ac_cv_header_stdlib_h=yes
ac_cv_header_string_h=yes
ac_cv_header_strings_h=yes
ac_cv_header_sys_mman_h=yes
ac_cv_header_sys_stat_h=yes
ac_cv_header_sys_time_h=yes
ac_cv_header_sys_types_h=yes
ac_cv_header_sys_types_h_makedev=yes
ac_cv_header_sys_utime_h=no
ac_cv_header_sys_wait_h=yes
ac_cv_header_unistd_h=yes
ac_cv_header_utime_h=yes
ac_cv_header_wchar_h=yes
ac_cv_header_wctype_h=yes
ac_cv_header_zlib_h=no
ac_cv_host=x86_64-unknown-linux-gnu
ac_cv_lib_z_gzopen=no
ac_cv_member_struct_stat_st_rdev=yes
ac_cv_member_struct_tm_tm_gmtoff=no
ac_cv_member_struct_tm_tm_zone=no
ac_cv_objext=o
ac_cv_path_EGREP='/bin/grep -E'
ac_cv_path_GREP=/bin/grep
ac_cv_path_install='/usr/bin/install -c'
ac_cv_path_mkdir=/bin/mkdir
ac_cv_prog_AWK=mawk
ac_cv_prog_CPP='gcc -E'
ac_cv_prog_CXXCPP='g++ -E'
ac_cv_prog_ac_ct_AR=ar
ac_cv_prog_ac_ct_CC=gcc
ac_cv_prog_ac_ct_CXX=g++
ac_cv_prog_ac_ct_RANLIB=ranlib
ac_cv_prog_ac_ct_STRIP=strip
ac_cv_prog_cc_c89=
ac_cv_prog_cc_g=yes
ac_cv_prog_cc_gcc_c_o=yes
ac_cv_prog_cxx_g=yes
ac_cv_prog_f77_g=no
ac_cv_prog_make_make_set=yes
ac_cv_sizeof_long_long=8
ac_cv_struct_option_getopt_h=yes
ac_cv_struct_tm=time.h
ac_cv_struct_tm_isdst=yes
ac_cv_struct_tm_zone=yes
ac_cv_sys_file_offset_bits=no
ac_cv_sys_largefile_CC=no
ac_cv_sys_largefile_source=no
ac_cv_type_int32_t=yes
ac_cv_type_int64_t=yes
ac_cv_type_long_long=yes
ac_cv_type_mbstate_t=yes
ac_cv_type_off_t=yes
ac_cv_type_size_t=yes
ac_cv_type_uint16_t=yes
ac_cv_type_uint32_t=yes
ac_cv_type_uint64_t=yes
ac_cv_type_uint8_t=yes
ac_cv_var_daylight=yes
ac_cv_var_tzname=yes
am_cv_CC_dependencies_compiler_type=gcc3
am_cv_CXX_dependencies_compiler_type=gcc3
lt_cv_deplibs_check_method=pass_all
lt_cv_file_magic_cmd='$MAGIC_CMD'
lt_cv_file_magic_test_file=
lt_cv_ld_reload_flag=-r
lt_cv_objdir=.libs
lt_cv_path_LD=/usr/bin/ld
lt_cv_path_LDCXX='/usr/bin/ld -m elf_x86_64'
lt_cv_path_NM='/usr/bin/nm -B'
lt_cv_path_SED=/bin/sed
lt_cv_prog_compiler_c_o=yes
lt_cv_prog_compiler_c_o_CXX=yes
lt_cv_prog_compiler_pic_works=yes
lt_cv_prog_compiler_pic_works_CXX=yes
lt_cv_prog_compiler_rtti_exceptions=no
lt_cv_prog_compiler_static_works=yes
lt_cv_prog_compiler_static_works_CXX=yes
lt_cv_prog_gnu_ld=yes
lt_cv_prog_gnu_ldcxx=yes
lt_cv_sys_global_symbol_pipe='sed -n -e '\''s/^.*[ 	]\([ABCDGIRSTW][ABCDGIRSTW]*\)[ 	][ 	]*\([_A-Za-z][_A-Za-z0-9]*\)$/\1 \2 \2/p'\'''
lt_cv_sys_global_symbol_to_c_name_address='sed -n -e '\''s/^: \([^ ]*\) $/  {\"\1\", (lt_ptr) 0},/p'\'' -e '\''s/^[BCDEGRST] \([^ ]*\) \([^ ]*\)$/  {"\2", (lt_ptr) \&\2},/p'\'''
lt_cv_sys_global_symbol_to_cdecl='sed -n -e '\''s/^. .* \(.*\)$/extern int \1;/p'\'''
lt_cv_sys_lib_dlsearch_path_spec='/lib /usr/lib /usr/local/lib /lib/x86_64-linux-gnu /usr/lib/x86_64-linux-gnu '
lt_cv_sys_lib_search_path_spec='/usr/lib/gcc/x86_64-linux-gnu/4.6 /usr/lib/x86_64-linux-gnu /usr/lib /lib/x86_64-linux-gnu /lib'
lt_cv_sys_max_cmd_len=1572864
lt_lt_cv_prog_compiler_c_o='"yes"'
lt_lt_cv_prog_compiler_c_o_CXX='"yes"'
lt_lt_cv_sys_global_symbol_pipe='"sed -n -e '\''s/^.*[ 	]\\([ABCDGIRSTW][ABCDGIRSTW]*\\)[ 	][ 	]*\\([_A-Za-z][_A-Za-z0-9]*\\)\$/\\1 \\2 \\2/p'\''"'
lt_lt_cv_sys_global_symbol_to_c_name_address='"sed -n -e '\''s/^: \\([^ ]*\\) \$/  {\\\"\\1\\\", (lt_ptr) 0},/p'\'' -e '\''s/^[BCDEGRST] \\([^ ]*\\) \\([^ ]*\\)\$/  {\"\\2\", (lt_ptr) \\&\\2},/p'\''"'
lt_lt_cv_sys_global_symbol_to_cdecl='"sed -n -e '\''s/^. .* \\(.*\\)\$/extern int \\1;/p'\''"'

## ----------------- ##
## Output variables. ##
## ----------------- ##

ACLOCAL='${SHELL} /home/davetaz/ref/tools/file/file-5.04/missing --run aclocal-1.10'
AMDEPBACKSLASH='\'
AMDEP_FALSE='#'
AMDEP_TRUE=''
AMTAR='${SHELL} /home/davetaz/ref/tools/file/file-5.04/missing --run tar'
AR='ar'
AUTOCONF='${SHELL} /home/davetaz/ref/tools/file/file-5.04/missing --run autoconf'
AUTOHEADER='${SHELL} /home/davetaz/ref/tools/file/file-5.04/missing --run autoheader'
AUTOMAKE='${SHELL} /home/davetaz/ref/tools/file/file-5.04/missing --run automake-1.10'
AWK='mawk'
CC='gcc'
CCDEPMODE='depmode=gcc3'
CFLAGS='-g -O2'
CPP='gcc -E'
CPPFLAGS=''
CXX='g++'
CXXCPP='g++ -E'
CXXDEPMODE='depmode=gcc3'
CXXFLAGS='-g -O2'
CYGPATH_W='echo'
DEFS='-DHAVE_CONFIG_H'
DEPDIR='.deps'
DSYMUTIL=''
ECHO='echo'
ECHO_C=''
ECHO_N='-n'
ECHO_T=''
EGREP='/bin/grep -E'
EXEEXT=''
F77=''
FFLAGS=''
FSECT5_FALSE=''
FSECT5_TRUE='#'
GREP='/bin/grep'
INSTALL_DATA='${INSTALL} -m 644'
INSTALL_PROGRAM='${INSTALL}'
INSTALL_SCRIPT='${INSTALL}'
INSTALL_STRIP_PROGRAM='$(install_sh) -c -s'
IS_CROSS_COMPILE_FALSE=''
IS_CROSS_COMPILE_TRUE='#'
LDFLAGS=''
LIBOBJS=' ${LIBOBJDIR}strlcpy$U.o ${LIBOBJDIR}strlcat$U.o'
LIBS=''
LIBTOOL='$(SHELL) $(top_builddir)/libtool'
LN_S='ln -s'
LTLIBOBJS=' ${LIBOBJDIR}strlcpy$U.lo ${LIBOBJDIR}strlcat$U.lo'
MAKEINFO='${SHELL} /home/davetaz/ref/tools/file/file-5.04/missing --run makeinfo'
NMEDIT=''
OBJEXT='o'
PACKAGE='file'
PACKAGE_BUGREPORT='christos@astron.com'
PACKAGE_NAME='file'
PACKAGE_STRING='file 5.04'
PACKAGE_TARNAME='file'
PACKAGE_VERSION='5.04'
PATH_SEPARATOR=':'
RANLIB='ranlib'
SED='/bin/sed'
SET_MAKE=''
SHELL='/bin/bash'
STRIP='strip'
VERSION='5.04'
WARNINGS='-Wall -Wstrict-prototypes -Wmissing-prototypes -Wpointer-arith        -Wmissing-declarations -Wredundant-decls -Wnested-externs        -Wsign-compare -Wreturn-type -Wswitch -Wshadow        -Wcast-qual -Wwrite-strings -Wextra -Wunused-parameter'
ac_ct_CC='gcc'
ac_ct_CXX='g++'
ac_ct_F77=''
am__fastdepCC_FALSE='#'
am__fastdepCC_TRUE=''
am__fastdepCXX_FALSE='#'
am__fastdepCXX_TRUE=''
am__include='include'
am__isrc=''
am__leading_dot='.'
am__quote=''
am__tar='${AMTAR} chof - "$$tardir"'
am__untar='${AMTAR} xf -'
bindir='${exec_prefix}/bin'
build='x86_64-unknown-linux-gnu'
build_alias=''
build_cpu='x86_64'
build_os='linux-gnu'
build_vendor='unknown'
datadir='${datarootdir}'
datarootdir='${prefix}/share'
docdir='${datarootdir}/doc/${PACKAGE_TARNAME}'
dvidir='${docdir}'
exec_prefix='${prefix}'
fsect='4'
host='x86_64-unknown-linux-gnu'
host_alias=''
host_cpu='x86_64'
host_os='linux-gnu'
host_vendor='unknown'
htmldir='${docdir}'
includedir='${prefix}/include'
infodir='${datarootdir}/info'
install_sh='$(SHELL) /home/davetaz/ref/tools/file/file-5.04/install-sh'
libdir='${exec_prefix}/lib'
libexecdir='${exec_prefix}/libexec'
localedir='${datarootdir}/locale'
localstatedir='${prefix}/var'
mandir='${datarootdir}/man'
mkdir_p='/bin/mkdir -p'
oldincludedir='/usr/include'
pdfdir='${docdir}'
pkgdatadir='$(datadir)/misc'
prefix='/usr/local'
program_transform_name='s,x,x,'
psdir='${docdir}'
sbindir='${exec_prefix}/sbin'
sharedstatedir='${prefix}/com'
sysconfdir='${prefix}/etc'
target_alias=''

## ----------- ##
## confdefs.h. ##
## ----------- ##

#define PACKAGE_NAME "file"
#define PACKAGE_TARNAME "file"
#define PACKAGE_VERSION "5.04"
#define PACKAGE_STRING "file 5.04"
#define PACKAGE_BUGREPORT "christos@astron.com"
#define PACKAGE "file"
#define VERSION "5.04"
#define BUILTIN_ELF 1
#define ELFCORE 1
#define _GNU_SOURCE 1
#define STDC_HEADERS 1
#define HAVE_SYS_TYPES_H 1
#define HAVE_SYS_STAT_H 1
#define HAVE_STDLIB_H 1
#define HAVE_STRING_H 1
#define HAVE_MEMORY_H 1
#define HAVE_STRINGS_H 1
#define HAVE_INTTYPES_H 1
#define HAVE_STDINT_H 1
#define HAVE_UNISTD_H 1
#define HAVE_DLFCN_H 1
#define STDC_HEADERS 1
#define HAVE_SYS_WAIT_H 1
#define HAVE_STDINT_H 1
#define HAVE_FCNTL_H 1
#define HAVE_LOCALE_H 1
#define HAVE_STDINT_H 1
#define HAVE_INTTYPES_H 1
#define HAVE_UNISTD_H 1
#define HAVE_UTIME_H 1
#define HAVE_WCHAR_H 1
#define HAVE_WCTYPE_H 1
#define HAVE_LIMITS_H 1
#define HAVE_GETOPT_H 1
#define HAVE_ERR_H 1
#define HAVE_SYS_MMAN_H 1
#define HAVE_SYS_STAT_H 1
#define HAVE_SYS_TYPES_H 1
#define HAVE_SYS_TIME_H 1
#define HAVE_STRUCT_STAT_ST_RDEV 1
#define HAVE_TM_ZONE 1
#define HAVE_TZNAME 1
#define HAVE_TM_ISDST 1
#define HAVE_DAYLIGHT 1
#define HAVE_FSEEKO 1
#define HAVE_MBSTATE_T 1
#define HAVE_STRUCT_OPTION 1
#define HAVE_UINT8_T 1
#define HAVE_UINT16_T 1
#define HAVE_UINT32_T 1
#define HAVE_INT32_T 1
#define HAVE_UINT64_T 1
#define HAVE_INT64_T 1
#define SIZEOF_LONG_LONG 8
#define HAVE_MMAP 1
#define HAVE_STRERROR 1
#define HAVE_STRNDUP 1
#define HAVE_STRTOUL 1
#define HAVE_MBRTOWC 1
#define HAVE_MKSTEMP 1
#define HAVE_UTIMES 1
#define HAVE_UTIME 1
#define HAVE_WCWIDTH 1
#define HAVE_STRTOF 1
#define HAVE_GETOPT_LONG 1
#define HAVE_ASPRINTF 1
#define HAVE_VASPRINTF 1

configure: exit 0
