This file contains any messages produced by compilers while
running configure, to aid debugging if configure makes a mistake.

It was created by file configure 5.05, which was
generated by GNU Autoconf 2.61.  Invocation command line was

  $ ./configure 

## --------- ##
## Platform. ##
## --------- ##

hostname = ref
uname -m = x86_64
uname -r = 3.2.0-29-generic
uname -s = Linux
uname -v = #46-Ubuntu SMP Fri Jul 27 17:03:23 UTC 2012

/usr/bin/uname -p = unknown
/bin/uname -X     = unknown

/bin/arch              = unknown
/usr/bin/arch -k       = unknown
/usr/convex/getsysinfo = unknown
/usr/bin/hostinfo      = unknown
/bin/machine           = unknown
/usr/bin/oslevel       = unknown
/bin/universe          = unknown

PATH: /usr/local/sbin
PATH: /usr/local/bin
PATH: /usr/sbin
PATH: /usr/bin
PATH: /sbin
PATH: /bin
PATH: /usr/games


## ----------- ##
## Core tests. ##
## ----------- ##

configure:1977: checking for a BSD-compatible install
configure:2033: result: /usr/bin/install -c
configure:2044: checking whether build environment is sane
configure:2087: result: yes
configure:2115: checking for a thread-safe mkdir -p
configure:2154: result: /bin/mkdir -p
configure:2167: checking for gawk
configure:2197: result: no
configure:2167: checking for mawk
configure:2183: found /usr/bin/mawk
configure:2194: result: mawk
configure:2205: checking whether make sets $(MAKE)
configure:2226: result: yes
configure:2420: checking for builtin ELF support
configure:2439: result: yes
configure:2450: checking for ELF core file support
configure:2469: result: yes
configure:2480: checking for file formats in man section 5
configure:2496: result: no
configure:2509: checking build system type
configure:2527: result: x86_64-unknown-linux-gnu
configure:2549: checking host system type
configure:2564: result: x86_64-unknown-linux-gnu
configure:2672: checking for gcc
configure:2688: found /usr/bin/gcc
configure:2699: result: gcc
configure:2937: checking for C compiler version
configure:2944: gcc --version >&5
gcc (Ubuntu/Linaro 4.6.3-1ubuntu5) 4.6.3
Copyright (C) 2011 Free Software Foundation, Inc.
This is free software; see the source for copying conditions.  There is NO
warranty; not even for MERCHANTABILITY or FITNESS FOR A PARTICULAR PURPOSE.

configure:2947: $? = 0
configure:2954: gcc -v >&5
Using built-in specs.
COLLECT_GCC=gcc
COLLECT_LTO_WRAPPER=/usr/lib/gcc/x86_64-linux-gnu/4.6/lto-wrapper
Target: x86_64-linux-gnu
Configured with: ../src/configure -v --with-pkgversion='Ubuntu/Linaro 4.6.3-1ubuntu5' --with-bugurl=file:///usr/share/doc/gcc-4.6/README.Bugs --enable-languages=c,c++,fortran,objc,obj-c++ --prefix=/usr --program-suffix=-4.6 --enable-shared --enable-linker-build-id --with-system-zlib --libexecdir=/usr/lib --without-included-gettext --enable-threads=posix --with-gxx-include-dir=/usr/include/c++/4.6 --libdir=/usr/lib --enable-nls --with-sysroot=/ --enable-clocale=gnu --enable-libstdcxx-debug --enable-libstdcxx-time=yes --enable-gnu-unique-object --enable-plugin --enable-objc-gc --disable-werror --with-arch-32=i686 --with-tune=generic --enable-checking=release --build=x86_64-linux-gnu --host=x86_64-linux-gnu --target=x86_64-linux-gnu
Thread model: posix
gcc version 4.6.3 (Ubuntu/Linaro 4.6.3-1ubuntu5) 
configure:2957: $? = 0
configure:2964: gcc -V >&5
gcc: error: unrecognized option '-V'
gcc: fatal error: no input files
compilation terminated.
configure:2967: $? = 4
configure:2990: checking for C compiler default output file name
configure:3017: gcc    conftest.c  >&5
configure:3020: $? = 0
configure:3058: result: a.out
configure:3075: checking whether the C compiler works
configure:3085: ./a.out
configure:3088: $? = 0
configure:3105: result: yes
configure:3112: checking whether we are cross compiling
configure:3114: result: no
configure:3117: checking for suffix of executables
configure:3124: gcc -o conftest    conftest.c  >&5
configure:3127: $? = 0
configure:3151: result: 
configure:3157: checking for suffix of object files
configure:3183: gcc -c   conftest.c >&5
configure:3186: $? = 0
configure:3209: result: o
configure:3213: checking whether we are using the GNU C compiler
configure:3242: gcc -c   conftest.c >&5
configure:3248: $? = 0
configure:3265: result: yes
configure:3270: checking whether gcc accepts -g
configure:3300: gcc -c -g  conftest.c >&5
configure:3306: $? = 0
configure:3405: result: yes
configure:3422: checking for gcc option to accept ISO C89
configure:3496: gcc  -c -g -O2  conftest.c >&5
configure:3502: $? = 0
configure:3525: result: none needed
configure:3554: checking for style of include used by make
configure:3582: result: GNU
configure:3607: checking dependency style of gcc
configure:3698: result: gcc3
configure:3714: checking whether gcc and cc understand -c and -o together
configure:3749: gcc -c conftest.c -o conftest2.o >&5
configure:3752: $? = 0
configure:3758: gcc -c conftest.c -o conftest2.o >&5
configure:3761: $? = 0
configure:3772: cc -c conftest.c >&5
configure:3775: $? = 0
configure:3783: cc -c conftest.c -o conftest2.o >&5
configure:3786: $? = 0
configure:3792: cc -c conftest.c -o conftest2.o >&5
configure:3795: $? = 0
configure:3813: result: yes
configure:3852: checking for a BSD-compatible install
configure:3908: result: /usr/bin/install -c
configure:3919: checking whether ln -s works
configure:3923: result: yes
configure:3955: checking for a sed that does not truncate output
configure:4034: result: /bin/sed
configure:4052: checking for grep that handles long lines and -e
configure:4126: result: /bin/grep
configure:4131: checking for egrep
configure:4209: result: /bin/grep -E
configure:4214: checking for fgrep
configure:4292: result: /bin/grep -F
configure:4327: checking for ld used by gcc
configure:4394: result: /usr/bin/ld
configure:4403: checking if the linker (/usr/bin/ld) is GNU ld
configure:4418: result: yes
configure:4430: checking for BSD- or MS-compatible name lister (nm)
configure:4479: result: /usr/bin/nm -B
configure:4601: checking the name lister (/usr/bin/nm -B) interface
configure:4608: gcc -c -g -O2  conftest.c >&5
configure:4611: /usr/bin/nm -B "conftest.o"
configure:4614: output
0000000000000000 B some_variable
configure:4621: result: BSD nm
configure:4625: checking the maximum length of command line arguments
configure:4745: result: 1572864
configure:4762: checking whether the shell understands some XSI constructs
configure:4772: result: yes
configure:4776: checking whether the shell understands "+="
configure:4782: result: yes
configure:4817: checking for /usr/bin/ld option to reload object files
configure:4824: result: -r
configure:4893: checking for objdump
configure:4909: found /usr/bin/objdump
configure:4920: result: objdump
configure:4956: checking how to recognize dependent libraries
configure:5152: result: pass_all
configure:5212: checking for ar
configure:5228: found /usr/bin/ar
configure:5239: result: ar
configure:5321: checking for strip
configure:5337: found /usr/bin/strip
configure:5348: result: strip
configure:5424: checking for ranlib
configure:5440: found /usr/bin/ranlib
configure:5451: result: ranlib
configure:5545: checking command to parse /usr/bin/nm -B output from gcc object
configure:5663: gcc -c -g -O2  conftest.c >&5
configure:5666: $? = 0
configure:5670: /usr/bin/nm -B conftest.o \| sed -n -e 's/^.*[	 ]\([ABCDGIRSTW][ABCDGIRSTW]*\)[	 ][	 ]*\([_A-Za-z][_A-Za-z0-9]*\)$/\1 \2 \2/p' \> conftest.nm
configure:5673: $? = 0
configure:5727: gcc -o conftest -g -O2   conftest.c conftstm.o >&5
configure:5730: $? = 0
configure:5768: result: ok
configure:5864: gcc -c -g -O2  conftest.c >&5
configure:5867: $? = 0
configure:6647: checking how to run the C preprocessor
configure:6687: gcc -E  conftest.c
configure:6693: $? = 0
configure:6724: gcc -E  conftest.c
conftest.c:13:28: fatal error: ac_nonexistent.h: No such file or directory
compilation terminated.
configure:6730: $? = 1
configure: failed program was:
| /* confdefs.h.  */
| #define PACKAGE_NAME "file"
| #define PACKAGE_TARNAME "file"
| #define PACKAGE_VERSION "5.05"
| #define PACKAGE_STRING "file 5.05"
| #define PACKAGE_BUGREPORT "christos@astron.com"
| #define PACKAGE "file"
| #define VERSION "5.05"
| #define BUILTIN_ELF 1
| #define ELFCORE 1
| #define _GNU_SOURCE 1
| /* end confdefs.h.  */
| #include <ac_nonexistent.h>
configure:6763: result: gcc -E
configure:6792: gcc -E  conftest.c
configure:6798: $? = 0
configure:6829: gcc -E  conftest.c
conftest.c:13:28: fatal error: ac_nonexistent.h: No such file or directory
compilation terminated.
configure:6835: $? = 1
configure: failed program was:
| /* confdefs.h.  */
| #define PACKAGE_NAME "file"
| #define PACKAGE_TARNAME "file"
| #define PACKAGE_VERSION "5.05"
| #define PACKAGE_STRING "file 5.05"
| #define PACKAGE_BUGREPORT "christos@astron.com"
| #define PACKAGE "file"
| #define VERSION "5.05"
| #define BUILTIN_ELF 1
| #define ELFCORE 1
| #define _GNU_SOURCE 1
| /* end confdefs.h.  */
| #include <ac_nonexistent.h>
configure:6873: checking for ANSI C header files
configure:6903: gcc -c -g -O2  conftest.c >&5
configure:6909: $? = 0
configure:7008: gcc -o conftest -g -O2   conftest.c  >&5
configure:7011: $? = 0
configure:7017: ./conftest
configure:7020: $? = 0
configure:7037: result: yes
configure:7061: checking for sys/types.h
configure:7082: gcc -c -g -O2  conftest.c >&5
configure:7088: $? = 0
configure:7104: result: yes
configure:7061: checking for sys/stat.h
configure:7082: gcc -c -g -O2  conftest.c >&5
configure:7088: $? = 0
configure:7104: result: yes
configure:7061: checking for stdlib.h
configure:7082: gcc -c -g -O2  conftest.c >&5
configure:7088: $? = 0
configure:7104: result: yes
configure:7061: checking for string.h
configure:7082: gcc -c -g -O2  conftest.c >&5
configure:7088: $? = 0
configure:7104: result: yes
configure:7061: checking for memory.h
configure:7082: gcc -c -g -O2  conftest.c >&5
configure:7088: $? = 0
configure:7104: result: yes
configure:7061: checking for strings.h
configure:7082: gcc -c -g -O2  conftest.c >&5
configure:7088: $? = 0
configure:7104: result: yes
configure:7061: checking for inttypes.h
configure:7082: gcc -c -g -O2  conftest.c >&5
configure:7088: $? = 0
configure:7104: result: yes
configure:7061: checking for stdint.h
configure:7082: gcc -c -g -O2  conftest.c >&5
configure:7088: $? = 0
configure:7104: result: yes
configure:7061: checking for unistd.h
configure:7082: gcc -c -g -O2  conftest.c >&5
configure:7088: $? = 0
configure:7104: result: yes
configure:7120: checking for dlfcn.h
configure:7141: gcc -c -g -O2  conftest.c >&5
configure:7147: $? = 0
configure:7163: result: yes
configure:7347: checking for objdir
configure:7362: result: .libs
configure:7658: checking if gcc supports -fno-rtti -fno-exceptions
configure:7676: gcc -c -g -O2  -fno-rtti -fno-exceptions conftest.c >&5
cc1: warning: command line option '-fno-rtti' is valid for C++/ObjC++ but not for C [enabled by default]
configure:7680: $? = 0
configure:7693: result: no
configure:7713: checking for gcc option to produce PIC
configure:7985: result: -fPIC -DPIC
configure:7997: checking if gcc PIC flag -fPIC -DPIC works
configure:8015: gcc -c -g -O2  -fPIC -DPIC -DPIC conftest.c >&5
configure:8019: $? = 0
configure:8032: result: yes
configure:8056: checking if gcc static flag -static works
configure:8084: result: yes
configure:8099: checking if gcc supports -c -o file.o
configure:8120: gcc -c -g -O2  -o out/conftest2.o conftest.c >&5
configure:8124: $? = 0
configure:8146: result: yes
configure:8154: checking if gcc supports -c -o file.o
configure:8201: result: yes
configure:8234: checking whether the gcc linker (/usr/bin/ld -m elf_x86_64) supports shared libraries
configure:9296: result: yes
configure:9333: checking whether -lc should be explicitly linked in
configure:9338: gcc -c -g -O2  conftest.c >&5
configure:9341: $? = 0
configure:9356: gcc -shared conftest.o  -v -Wl,-soname -Wl,conftest -o conftest 2\>\&1 \| /bin/grep  -lc  \>/dev/null 2\>\&1
configure:9359: $? = 0
configure:9371: result: no
configure:9535: checking dynamic linker characteristics
configure:9978: gcc -o conftest -g -O2   -Wl,-rpath -Wl,/foo conftest.c  >&5
configure:9984: $? = 0
configure:10214: result: GNU/Linux ld.so
configure:10316: checking how to hardcode library paths into programs
configure:10341: result: immediate
configure:11146: checking whether stripping libraries is possible
configure:11151: result: yes
configure:11186: checking if libtool supports shared libraries
configure:11188: result: yes
configure:11191: checking whether to build shared libraries
configure:11212: result: yes
configure:11215: checking whether to build static libraries
configure:11219: result: yes
configure:11255: checking for ANSI C header files
configure:11419: result: yes
configure:11429: checking whether sys/types.h defines makedev
configure:11455: gcc -o conftest -g -O2   conftest.c  >&5
configure:11461: $? = 0
configure:11479: result: yes
configure:11766: checking for sys/wait.h that is POSIX.1 compatible
configure:11802: gcc -c -g -O2  conftest.c >&5
configure:11808: $? = 0
configure:11823: result: yes
configure:11843: checking for stdint.h
configure:11849: result: yes
configure:11853: checking fcntl.h usability
configure:11870: gcc -c -g -O2  conftest.c >&5
configure:11876: $? = 0
configure:11890: result: yes
configure:11894: checking fcntl.h presence
configure:11909: gcc -E  conftest.c
configure:11915: $? = 0
configure:11929: result: yes
configure:11962: checking for fcntl.h
configure:11970: result: yes
configure:11853: checking locale.h usability
configure:11870: gcc -c -g -O2  conftest.c >&5
configure:11876: $? = 0
configure:11890: result: yes
configure:11894: checking locale.h presence
configure:11909: gcc -E  conftest.c
configure:11915: $? = 0
configure:11929: result: yes
configure:11962: checking for locale.h
configure:11970: result: yes
configure:11843: checking for stdint.h
configure:11849: result: yes
configure:11843: checking for inttypes.h
configure:11849: result: yes
configure:11843: checking for unistd.h
configure:11849: result: yes
configure:12001: checking utime.h usability
configure:12018: gcc -c -g -O2  conftest.c >&5
configure:12024: $? = 0
configure:12038: result: yes
configure:12042: checking utime.h presence
configure:12057: gcc -E  conftest.c
configure:12063: $? = 0
configure:12077: result: yes
configure:12110: checking for utime.h
configure:12118: result: yes
configure:12001: checking wchar.h usability
configure:12018: gcc -c -g -O2  conftest.c >&5
configure:12024: $? = 0
configure:12038: result: yes
configure:12042: checking wchar.h presence
configure:12057: gcc -E  conftest.c
configure:12063: $? = 0
configure:12077: result: yes
configure:12110: checking for wchar.h
configure:12118: result: yes
configure:12001: checking wctype.h usability
configure:12018: gcc -c -g -O2  conftest.c >&5
configure:12024: $? = 0
configure:12038: result: yes
configure:12042: checking wctype.h presence
configure:12057: gcc -E  conftest.c
configure:12063: $? = 0
configure:12077: result: yes
configure:12110: checking for wctype.h
configure:12118: result: yes
configure:12001: checking limits.h usability
configure:12018: gcc -c -g -O2  conftest.c >&5
configure:12024: $? = 0
configure:12038: result: yes
configure:12042: checking limits.h presence
configure:12057: gcc -E  conftest.c
configure:12063: $? = 0
configure:12077: result: yes
configure:12110: checking for limits.h
configure:12118: result: yes
configure:12147: checking getopt.h usability
configure:12164: gcc -c -g -O2  conftest.c >&5
configure:12170: $? = 0
configure:12184: result: yes
configure:12188: checking getopt.h presence
configure:12203: gcc -E  conftest.c
configure:12209: $? = 0
configure:12223: result: yes
configure:12256: checking for getopt.h
configure:12264: result: yes
configure:12147: checking err.h usability
configure:12164: gcc -c -g -O2  conftest.c >&5
configure:12170: $? = 0
configure:12184: result: yes
configure:12188: checking err.h presence
configure:12203: gcc -E  conftest.c
configure:12209: $? = 0
configure:12223: result: yes
configure:12256: checking for err.h
configure:12264: result: yes
configure:12296: checking sys/mman.h usability
configure:12313: gcc -c -g -O2  conftest.c >&5
configure:12319: $? = 0
configure:12333: result: yes
configure:12337: checking sys/mman.h presence
configure:12352: gcc -E  conftest.c
configure:12358: $? = 0
configure:12372: result: yes
configure:12405: checking for sys/mman.h
configure:12413: result: yes
configure:12286: checking for sys/stat.h
configure:12292: result: yes
configure:12286: checking for sys/types.h
configure:12292: result: yes
configure:12296: checking sys/utime.h usability
configure:12313: gcc -c -g -O2  conftest.c >&5
conftest.c:75:23: fatal error: sys/utime.h: No such file or directory
compilation terminated.
configure:12319: $? = 1
configure: failed program was:
| /* confdefs.h.  */
| #define PACKAGE_NAME "file"
| #define PACKAGE_TARNAME "file"
| #define PACKAGE_VERSION "5.05"
| #define PACKAGE_STRING "file 5.05"
| #define PACKAGE_BUGREPORT "christos@astron.com"
| #define PACKAGE "file"
| #define VERSION "5.05"
| #define BUILTIN_ELF 1
| #define ELFCORE 1
| #define _GNU_SOURCE 1
| #define STDC_HEADERS 1
| #define HAVE_SYS_TYPES_H 1
| #define HAVE_SYS_STAT_H 1
| #define HAVE_STDLIB_H 1
| #define HAVE_STRING_H 1
| #define HAVE_MEMORY_H 1
| #define HAVE_STRINGS_H 1
| #define HAVE_INTTYPES_H 1
| #define HAVE_STDINT_H 1
| #define HAVE_UNISTD_H 1
| #define HAVE_DLFCN_H 1
| #define LT_OBJDIR ".libs/"
| #define STDC_HEADERS 1
| #define HAVE_SYS_WAIT_H 1
| #define HAVE_STDINT_H 1
| #define HAVE_FCNTL_H 1
| #define HAVE_LOCALE_H 1
| #define HAVE_STDINT_H 1
| #define HAVE_INTTYPES_H 1
| #define HAVE_UNISTD_H 1
| #define HAVE_UTIME_H 1
| #define HAVE_WCHAR_H 1
| #define HAVE_WCTYPE_H 1
| #define HAVE_LIMITS_H 1
| #define HAVE_GETOPT_H 1
| #define HAVE_ERR_H 1
| #define HAVE_SYS_MMAN_H 1
| #define HAVE_SYS_STAT_H 1
| #define HAVE_SYS_TYPES_H 1
| /* end confdefs.h.  */
| #include <stdio.h>
| #ifdef HAVE_SYS_TYPES_H
| # include <sys/types.h>
| #endif
| #ifdef HAVE_SYS_STAT_H
| # include <sys/stat.h>
| #endif
| #ifdef STDC_HEADERS
| # include <stdlib.h>
| # include <stddef.h>
| #else
| # ifdef HAVE_STDLIB_H
| #  include <stdlib.h>
| # endif
| #endif
| #ifdef HAVE_STRING_H
| # if !defined STDC_HEADERS && defined HAVE_MEMORY_H
| #  include <memory.h>
| # endif
| # include <string.h>
| #endif
| #ifdef HAVE_STRINGS_H
| # include <strings.h>
| #endif
| #ifdef HAVE_INTTYPES_H
| # include <inttypes.h>
| #endif
| #ifdef HAVE_STDINT_H
| # include <stdint.h>
| #endif
| #ifdef HAVE_UNISTD_H
| # include <unistd.h>
| #endif
| #include <sys/utime.h>
configure:12333: result: no
configure:12337: checking sys/utime.h presence
configure:12352: gcc -E  conftest.c
conftest.c:42:23: fatal error: sys/utime.h: No such file or directory
compilation terminated.
configure:12358: $? = 1
configure: failed program was:
| /* confdefs.h.  */
| #define PACKAGE_NAME "file"
| #define PACKAGE_TARNAME "file"
| #define PACKAGE_VERSION "5.05"
| #define PACKAGE_STRING "file 5.05"
| #define PACKAGE_BUGREPORT "christos@astron.com"
| #define PACKAGE "file"
| #define VERSION "5.05"
| #define BUILTIN_ELF 1
| #define ELFCORE 1
| #define _GNU_SOURCE 1
| #define STDC_HEADERS 1
| #define HAVE_SYS_TYPES_H 1
| #define HAVE_SYS_STAT_H 1
| #define HAVE_STDLIB_H 1
| #define HAVE_STRING_H 1
| #define HAVE_MEMORY_H 1
| #define HAVE_STRINGS_H 1
| #define HAVE_INTTYPES_H 1
| #define HAVE_STDINT_H 1
| #define HAVE_UNISTD_H 1
| #define HAVE_DLFCN_H 1
| #define LT_OBJDIR ".libs/"
| #define STDC_HEADERS 1
| #define HAVE_SYS_WAIT_H 1
| #define HAVE_STDINT_H 1
| #define HAVE_FCNTL_H 1
| #define HAVE_LOCALE_H 1
| #define HAVE_STDINT_H 1
| #define HAVE_INTTYPES_H 1
| #define HAVE_UNISTD_H 1
| #define HAVE_UTIME_H 1
| #define HAVE_WCHAR_H 1
| #define HAVE_WCTYPE_H 1
| #define HAVE_LIMITS_H 1
| #define HAVE_GETOPT_H 1
| #define HAVE_ERR_H 1
| #define HAVE_SYS_MMAN_H 1
| #define HAVE_SYS_STAT_H 1
| #define HAVE_SYS_TYPES_H 1
| /* end confdefs.h.  */
| #include <sys/utime.h>
configure:12372: result: no
configure:12405: checking for sys/utime.h
configure:12413: result: no
configure:12296: checking sys/time.h usability
configure:12313: gcc -c -g -O2  conftest.c >&5
configure:12319: $? = 0
configure:12333: result: yes
configure:12337: checking sys/time.h presence
configure:12352: gcc -E  conftest.c
configure:12358: $? = 0
configure:12372: result: yes
configure:12405: checking for sys/time.h
configure:12413: result: yes
configure:12441: checking zlib.h usability
configure:12458: gcc -c -g -O2  conftest.c >&5
conftest.c:76:18: fatal error: zlib.h: No such file or directory
compilation terminated.
configure:12464: $? = 1
configure: failed program was:
| /* confdefs.h.  */
| #define PACKAGE_NAME "file"
| #define PACKAGE_TARNAME "file"
| #define PACKAGE_VERSION "5.05"
| #define PACKAGE_STRING "file 5.05"
| #define PACKAGE_BUGREPORT "christos@astron.com"
| #define PACKAGE "file"
| #define VERSION "5.05"
| #define BUILTIN_ELF 1
| #define ELFCORE 1
| #define _GNU_SOURCE 1
| #define STDC_HEADERS 1
| #define HAVE_SYS_TYPES_H 1
| #define HAVE_SYS_STAT_H 1
| #define HAVE_STDLIB_H 1
| #define HAVE_STRING_H 1
| #define HAVE_MEMORY_H 1
| #define HAVE_STRINGS_H 1
| #define HAVE_INTTYPES_H 1
| #define HAVE_STDINT_H 1
| #define HAVE_UNISTD_H 1
| #define HAVE_DLFCN_H 1
| #define LT_OBJDIR ".libs/"
| #define STDC_HEADERS 1
| #define HAVE_SYS_WAIT_H 1
| #define HAVE_STDINT_H 1
| #define HAVE_FCNTL_H 1
| #define HAVE_LOCALE_H 1
| #define HAVE_STDINT_H 1
| #define HAVE_INTTYPES_H 1
| #define HAVE_UNISTD_H 1
| #define HAVE_UTIME_H 1
| #define HAVE_WCHAR_H 1
| #define HAVE_WCTYPE_H 1
| #define HAVE_LIMITS_H 1
| #define HAVE_GETOPT_H 1
| #define HAVE_ERR_H 1
| #define HAVE_SYS_MMAN_H 1
| #define HAVE_SYS_STAT_H 1
| #define HAVE_SYS_TYPES_H 1
| #define HAVE_SYS_TIME_H 1
| /* end confdefs.h.  */
| #include <stdio.h>
| #ifdef HAVE_SYS_TYPES_H
| # include <sys/types.h>
| #endif
| #ifdef HAVE_SYS_STAT_H
| # include <sys/stat.h>
| #endif
| #ifdef STDC_HEADERS
| # include <stdlib.h>
| # include <stddef.h>
| #else
| # ifdef HAVE_STDLIB_H
| #  include <stdlib.h>
| # endif
| #endif
| #ifdef HAVE_STRING_H
| # if !defined STDC_HEADERS && defined HAVE_MEMORY_H
| #  include <memory.h>
| # endif
| # include <string.h>
| #endif
| #ifdef HAVE_STRINGS_H
| # include <strings.h>
| #endif
| #ifdef HAVE_INTTYPES_H
| # include <inttypes.h>
| #endif
| #ifdef HAVE_STDINT_H
| # include <stdint.h>
| #endif
| #ifdef HAVE_UNISTD_H
| # include <unistd.h>
| #endif
| #include <zlib.h>
configure:12478: result: no
configure:12482: checking zlib.h presence
configure:12497: gcc -E  conftest.c
conftest.c:43:18: fatal error: zlib.h: No such file or directory
compilation terminated.
configure:12503: $? = 1
configure: failed program was:
| /* confdefs.h.  */
| #define PACKAGE_NAME "file"
| #define PACKAGE_TARNAME "file"
| #define PACKAGE_VERSION "5.05"
| #define PACKAGE_STRING "file 5.05"
| #define PACKAGE_BUGREPORT "christos@astron.com"
| #define PACKAGE "file"
| #define VERSION "5.05"
| #define BUILTIN_ELF 1
| #define ELFCORE 1
| #define _GNU_SOURCE 1
| #define STDC_HEADERS 1
| #define HAVE_SYS_TYPES_H 1
| #define HAVE_SYS_STAT_H 1
| #define HAVE_STDLIB_H 1
| #define HAVE_STRING_H 1
| #define HAVE_MEMORY_H 1
| #define HAVE_STRINGS_H 1
| #define HAVE_INTTYPES_H 1
| #define HAVE_STDINT_H 1
| #define HAVE_UNISTD_H 1
| #define HAVE_DLFCN_H 1
| #define LT_OBJDIR ".libs/"
| #define STDC_HEADERS 1
| #define HAVE_SYS_WAIT_H 1
| #define HAVE_STDINT_H 1
| #define HAVE_FCNTL_H 1
| #define HAVE_LOCALE_H 1
| #define HAVE_STDINT_H 1
| #define HAVE_INTTYPES_H 1
| #define HAVE_UNISTD_H 1
| #define HAVE_UTIME_H 1
| #define HAVE_WCHAR_H 1
| #define HAVE_WCTYPE_H 1
| #define HAVE_LIMITS_H 1
| #define HAVE_GETOPT_H 1
| #define HAVE_ERR_H 1
| #define HAVE_SYS_MMAN_H 1
| #define HAVE_SYS_STAT_H 1
| #define HAVE_SYS_TYPES_H 1
| #define HAVE_SYS_TIME_H 1
| /* end confdefs.h.  */
| #include <zlib.h>
configure:12517: result: no
configure:12550: checking for zlib.h
configure:12558: result: no
configure:12572: checking for an ANSI C-conforming const
configure:12647: gcc -c -g -O2  conftest.c >&5
configure:12653: $? = 0
configure:12668: result: yes
configure:12678: checking for off_t
configure:12708: gcc -c -g -O2  conftest.c >&5
configure:12714: $? = 0
configure:12729: result: yes
configure:12741: checking for size_t
configure:12771: gcc -c -g -O2  conftest.c >&5
configure:12777: $? = 0
configure:12792: result: yes
configure:12804: checking for struct stat.st_rdev
configure:12832: gcc -c -g -O2  conftest.c >&5
configure:12838: $? = 0
configure:12895: result: yes
configure:12907: checking whether struct tm is in sys/time.h or time.h
configure:12937: gcc -c -g -O2  conftest.c >&5
configure:12943: $? = 0
configure:12958: result: time.h
configure:12968: checking for struct tm.tm_gmtoff
configure:12996: gcc -c -g -O2  conftest.c >&5
conftest.c: In function 'main':
conftest.c:80:18: error: storage size of 'ac_aggr' isn't known
configure:13002: $? = 1
configure: failed program was:
| /* confdefs.h.  */
| #define PACKAGE_NAME "file"
| #define PACKAGE_TARNAME "file"
| #define PACKAGE_VERSION "5.05"
| #define PACKAGE_STRING "file 5.05"
| #define PACKAGE_BUGREPORT "christos@astron.com"
| #define PACKAGE "file"
| #define VERSION "5.05"
| #define BUILTIN_ELF 1
| #define ELFCORE 1
| #define _GNU_SOURCE 1
| #define STDC_HEADERS 1
| #define HAVE_SYS_TYPES_H 1
| #define HAVE_SYS_STAT_H 1
| #define HAVE_STDLIB_H 1
| #define HAVE_STRING_H 1
| #define HAVE_MEMORY_H 1
| #define HAVE_STRINGS_H 1
| #define HAVE_INTTYPES_H 1
| #define HAVE_STDINT_H 1
| #define HAVE_UNISTD_H 1
| #define HAVE_DLFCN_H 1
| #define LT_OBJDIR ".libs/"
| #define STDC_HEADERS 1
| #define HAVE_SYS_WAIT_H 1
| #define HAVE_STDINT_H 1
| #define HAVE_FCNTL_H 1
| #define HAVE_LOCALE_H 1
| #define HAVE_STDINT_H 1
| #define HAVE_INTTYPES_H 1
| #define HAVE_UNISTD_H 1
| #define HAVE_UTIME_H 1
| #define HAVE_WCHAR_H 1
| #define HAVE_WCTYPE_H 1
| #define HAVE_LIMITS_H 1
| #define HAVE_GETOPT_H 1
| #define HAVE_ERR_H 1
| #define HAVE_SYS_MMAN_H 1
| #define HAVE_SYS_STAT_H 1
| #define HAVE_SYS_TYPES_H 1
| #define HAVE_SYS_TIME_H 1
| #define HAVE_STRUCT_STAT_ST_RDEV 1
| /* end confdefs.h.  */
| #include <stdio.h>
| #ifdef HAVE_SYS_TYPES_H
| # include <sys/types.h>
| #endif
| #ifdef HAVE_SYS_STAT_H
| # include <sys/stat.h>
| #endif
| #ifdef STDC_HEADERS
| # include <stdlib.h>
| # include <stddef.h>
| #else
| # ifdef HAVE_STDLIB_H
| #  include <stdlib.h>
| # endif
| #endif
| #ifdef HAVE_STRING_H
| # if !defined STDC_HEADERS && defined HAVE_MEMORY_H
| #  include <memory.h>
| # endif
| # include <string.h>
| #endif
| #ifdef HAVE_STRINGS_H
| # include <strings.h>
| #endif
| #ifdef HAVE_INTTYPES_H
| # include <inttypes.h>
| #endif
| #ifdef HAVE_STDINT_H
| # include <stdint.h>
| #endif
| #ifdef HAVE_UNISTD_H
| # include <unistd.h>
| #endif
| int
| main ()
| {
| static struct tm ac_aggr;
| if (ac_aggr.tm_gmtoff)
| return 0;
|   ;
|   return 0;
| }
configure:13035: gcc -c -g -O2  conftest.c >&5
conftest.c: In function 'main':
conftest.c:80:18: error: storage size of 'ac_aggr' isn't known
configure:13041: $? = 1
configure: failed program was:
| /* confdefs.h.  */
| #define PACKAGE_NAME "file"
| #define PACKAGE_TARNAME "file"
| #define PACKAGE_VERSION "5.05"
| #define PACKAGE_STRING "file 5.05"
| #define PACKAGE_BUGREPORT "christos@astron.com"
| #define PACKAGE "file"
| #define VERSION "5.05"
| #define BUILTIN_ELF 1
| #define ELFCORE 1
| #define _GNU_SOURCE 1
| #define STDC_HEADERS 1
| #define HAVE_SYS_TYPES_H 1
| #define HAVE_SYS_STAT_H 1
| #define HAVE_STDLIB_H 1
| #define HAVE_STRING_H 1
| #define HAVE_MEMORY_H 1
| #define HAVE_STRINGS_H 1
| #define HAVE_INTTYPES_H 1
| #define HAVE_STDINT_H 1
| #define HAVE_UNISTD_H 1
| #define HAVE_DLFCN_H 1
| #define LT_OBJDIR ".libs/"
| #define STDC_HEADERS 1
| #define HAVE_SYS_WAIT_H 1
| #define HAVE_STDINT_H 1
| #define HAVE_FCNTL_H 1
| #define HAVE_LOCALE_H 1
| #define HAVE_STDINT_H 1
| #define HAVE_INTTYPES_H 1
| #define HAVE_UNISTD_H 1
| #define HAVE_UTIME_H 1
| #define HAVE_WCHAR_H 1
| #define HAVE_WCTYPE_H 1
| #define HAVE_LIMITS_H 1
| #define HAVE_GETOPT_H 1
| #define HAVE_ERR_H 1
| #define HAVE_SYS_MMAN_H 1
| #define HAVE_SYS_STAT_H 1
| #define HAVE_SYS_TYPES_H 1
| #define HAVE_SYS_TIME_H 1
| #define HAVE_STRUCT_STAT_ST_RDEV 1
| /* end confdefs.h.  */
| #include <stdio.h>
| #ifdef HAVE_SYS_TYPES_H
| # include <sys/types.h>
| #endif
| #ifdef HAVE_SYS_STAT_H
| # include <sys/stat.h>
| #endif
| #ifdef STDC_HEADERS
| # include <stdlib.h>
| # include <stddef.h>
| #else
| # ifdef HAVE_STDLIB_H
| #  include <stdlib.h>
| # endif
| #endif
| #ifdef HAVE_STRING_H
| # if !defined STDC_HEADERS && defined HAVE_MEMORY_H
| #  include <memory.h>
| # endif
| # include <string.h>
| #endif
| #ifdef HAVE_STRINGS_H
| # include <strings.h>
| #endif
| #ifdef HAVE_INTTYPES_H
| # include <inttypes.h>
| #endif
| #ifdef HAVE_STDINT_H
| # include <stdint.h>
| #endif
| #ifdef HAVE_UNISTD_H
| # include <unistd.h>
| #endif
| int
| main ()
| {
| static struct tm ac_aggr;
| if (sizeof ac_aggr.tm_gmtoff)
| return 0;
|   ;
|   return 0;
| }
configure:13059: result: no
configure:13069: checking for struct tm.tm_zone
configure:13097: gcc -c -g -O2  conftest.c >&5
conftest.c: In function 'main':
conftest.c:80:18: error: storage size of 'ac_aggr' isn't known
configure:13103: $? = 1
configure: failed program was:
| /* confdefs.h.  */
| #define PACKAGE_NAME "file"
| #define PACKAGE_TARNAME "file"
| #define PACKAGE_VERSION "5.05"
| #define PACKAGE_STRING "file 5.05"
| #define PACKAGE_BUGREPORT "christos@astron.com"
| #define PACKAGE "file"
| #define VERSION "5.05"
| #define BUILTIN_ELF 1
| #define ELFCORE 1
| #define _GNU_SOURCE 1
| #define STDC_HEADERS 1
| #define HAVE_SYS_TYPES_H 1
| #define HAVE_SYS_STAT_H 1
| #define HAVE_STDLIB_H 1
| #define HAVE_STRING_H 1
| #define HAVE_MEMORY_H 1
| #define HAVE_STRINGS_H 1
| #define HAVE_INTTYPES_H 1
| #define HAVE_STDINT_H 1
| #define HAVE_UNISTD_H 1
| #define HAVE_DLFCN_H 1
| #define LT_OBJDIR ".libs/"
| #define STDC_HEADERS 1
| #define HAVE_SYS_WAIT_H 1
| #define HAVE_STDINT_H 1
| #define HAVE_FCNTL_H 1
| #define HAVE_LOCALE_H 1
| #define HAVE_STDINT_H 1
| #define HAVE_INTTYPES_H 1
| #define HAVE_UNISTD_H 1
| #define HAVE_UTIME_H 1
| #define HAVE_WCHAR_H 1
| #define HAVE_WCTYPE_H 1
| #define HAVE_LIMITS_H 1
| #define HAVE_GETOPT_H 1
| #define HAVE_ERR_H 1
| #define HAVE_SYS_MMAN_H 1
| #define HAVE_SYS_STAT_H 1
| #define HAVE_SYS_TYPES_H 1
| #define HAVE_SYS_TIME_H 1
| #define HAVE_STRUCT_STAT_ST_RDEV 1
| /* end confdefs.h.  */
| #include <stdio.h>
| #ifdef HAVE_SYS_TYPES_H
| # include <sys/types.h>
| #endif
| #ifdef HAVE_SYS_STAT_H
| # include <sys/stat.h>
| #endif
| #ifdef STDC_HEADERS
| # include <stdlib.h>
| # include <stddef.h>
| #else
| # ifdef HAVE_STDLIB_H
| #  include <stdlib.h>
| # endif
| #endif
| #ifdef HAVE_STRING_H
| # if !defined STDC_HEADERS && defined HAVE_MEMORY_H
| #  include <memory.h>
| # endif
| # include <string.h>
| #endif
| #ifdef HAVE_STRINGS_H
| # include <strings.h>
| #endif
| #ifdef HAVE_INTTYPES_H
| # include <inttypes.h>
| #endif
| #ifdef HAVE_STDINT_H
| # include <stdint.h>
| #endif
| #ifdef HAVE_UNISTD_H
| # include <unistd.h>
| #endif
| int
| main ()
| {
| static struct tm ac_aggr;
| if (ac_aggr.tm_zone)
| return 0;
|   ;
|   return 0;
| }
configure:13136: gcc -c -g -O2  conftest.c >&5
conftest.c: In function 'main':
conftest.c:80:18: error: storage size of 'ac_aggr' isn't known
configure:13142: $? = 1
configure: failed program was:
| /* confdefs.h.  */
| #define PACKAGE_NAME "file"
| #define PACKAGE_TARNAME "file"
| #define PACKAGE_VERSION "5.05"
| #define PACKAGE_STRING "file 5.05"
| #define PACKAGE_BUGREPORT "christos@astron.com"
| #define PACKAGE "file"
| #define VERSION "5.05"
| #define BUILTIN_ELF 1
| #define ELFCORE 1
| #define _GNU_SOURCE 1
| #define STDC_HEADERS 1
| #define HAVE_SYS_TYPES_H 1
| #define HAVE_SYS_STAT_H 1
| #define HAVE_STDLIB_H 1
| #define HAVE_STRING_H 1
| #define HAVE_MEMORY_H 1
| #define HAVE_STRINGS_H 1
| #define HAVE_INTTYPES_H 1
| #define HAVE_STDINT_H 1
| #define HAVE_UNISTD_H 1
| #define HAVE_DLFCN_H 1
| #define LT_OBJDIR ".libs/"
| #define STDC_HEADERS 1
| #define HAVE_SYS_WAIT_H 1
| #define HAVE_STDINT_H 1
| #define HAVE_FCNTL_H 1
| #define HAVE_LOCALE_H 1
| #define HAVE_STDINT_H 1
| #define HAVE_INTTYPES_H 1
| #define HAVE_UNISTD_H 1
| #define HAVE_UTIME_H 1
| #define HAVE_WCHAR_H 1
| #define HAVE_WCTYPE_H 1
| #define HAVE_LIMITS_H 1
| #define HAVE_GETOPT_H 1
| #define HAVE_ERR_H 1
| #define HAVE_SYS_MMAN_H 1
| #define HAVE_SYS_STAT_H 1
| #define HAVE_SYS_TYPES_H 1
| #define HAVE_SYS_TIME_H 1
| #define HAVE_STRUCT_STAT_ST_RDEV 1
| /* end confdefs.h.  */
| #include <stdio.h>
| #ifdef HAVE_SYS_TYPES_H
| # include <sys/types.h>
| #endif
| #ifdef HAVE_SYS_STAT_H
| # include <sys/stat.h>
| #endif
| #ifdef STDC_HEADERS
| # include <stdlib.h>
| # include <stddef.h>
| #else
| # ifdef HAVE_STDLIB_H
| #  include <stdlib.h>
| # endif
| #endif
| #ifdef HAVE_STRING_H
| # if !defined STDC_HEADERS && defined HAVE_MEMORY_H
| #  include <memory.h>
| # endif
| # include <string.h>
| #endif
| #ifdef HAVE_STRINGS_H
| # include <strings.h>
| #endif
| #ifdef HAVE_INTTYPES_H
| # include <inttypes.h>
| #endif
| #ifdef HAVE_STDINT_H
| # include <stdint.h>
| #endif
| #ifdef HAVE_UNISTD_H
| # include <unistd.h>
| #endif
| int
| main ()
| {
| static struct tm ac_aggr;
| if (sizeof ac_aggr.tm_zone)
| return 0;
|   ;
|   return 0;
| }
configure:13160: result: no
configure:13171: checking for tm_zone in struct tm
configure:13198: gcc -c -g -O2  conftest.c >&5
configure:13204: $? = 0
configure:13219: result: yes
configure:13231: checking whether tzname is declared
configure:13261: gcc -c -g -O2  conftest.c >&5
configure:13267: $? = 0
configure:13282: result: yes
configure:13300: checking for tzname
configure:13329: gcc -o conftest -g -O2   conftest.c  >&5
configure:13335: $? = 0
configure:13352: result: yes
configure:13362: checking for tm_isdst in struct tm
configure:13389: gcc -c -g -O2  conftest.c >&5
configure:13395: $? = 0
configure:13410: result: yes
configure:13421: checking whether daylight is declared
configure:13451: gcc -c -g -O2  conftest.c >&5
configure:13457: $? = 0
configure:13472: result: yes
configure:13490: checking for daylight
configure:13519: gcc -o conftest -g -O2   conftest.c  >&5
configure:13525: $? = 0
configure:13542: result: yes
configure:13559: checking for special C compiler options needed for large files
configure:13652: result: no
configure:13658: checking for _FILE_OFFSET_BITS value needed for large files
configure:13693: gcc -c -g -O2  conftest.c >&5
configure:13699: $? = 0
configure:13767: result: no
configure:13902: checking for _LARGEFILE_SOURCE value needed for large files
configure:13929: gcc -o conftest -g -O2   conftest.c  >&5
configure:13935: $? = 0
configure:13999: result: no
configure:14022: checking for mbstate_t
configure:14049: gcc -c -g -O2  conftest.c >&5
configure:14055: $? = 0
configure:14070: result: yes
configure:14086: checking for struct option in getopt
configure:14112: gcc -c -g -O2  conftest.c >&5
configure:14118: $? = 0
configure:14133: result: yes
configure:14144: checking for uint8_t
configure:14174: gcc -c -g -O2  conftest.c >&5
configure:14180: $? = 0
configure:14195: result: yes
configure:14205: checking for uint16_t
configure:14235: gcc -c -g -O2  conftest.c >&5
configure:14241: $? = 0
configure:14256: result: yes
configure:14266: checking for uint32_t
configure:14296: gcc -c -g -O2  conftest.c >&5
configure:14302: $? = 0
configure:14317: result: yes
configure:14327: checking for int32_t
configure:14357: gcc -c -g -O2  conftest.c >&5
configure:14363: $? = 0
configure:14378: result: yes
configure:14388: checking for uint64_t
configure:14418: gcc -c -g -O2  conftest.c >&5
configure:14424: $? = 0
configure:14439: result: yes
configure:14449: checking for int64_t
configure:14479: gcc -c -g -O2  conftest.c >&5
configure:14485: $? = 0
configure:14500: result: yes
configure:14511: checking for long long
configure:14541: gcc -c -g -O2  conftest.c >&5
configure:14547: $? = 0
configure:14562: result: yes
configure:14569: checking size of long long
configure:14871: gcc -o conftest -g -O2   conftest.c  >&5
configure:14874: $? = 0
configure:14880: ./conftest
configure:14883: $? = 0
configure:14906: result: 8
configure:14919: checking for gcc compiler warnings
configure:14938: result: yes
configure:14966: checking for mmap
configure:15022: gcc -o conftest -g -O2   conftest.c  >&5
configure:15028: $? = 0
configure:15046: result: yes
configure:14966: checking for strerror
configure:15022: gcc -o conftest -g -O2   conftest.c  >&5
configure:15028: $? = 0
configure:15046: result: yes
configure:14966: checking for strndup
configure:15022: gcc -o conftest -g -O2   conftest.c  >&5
conftest.c:85:6: warning: conflicting types for built-in function 'strndup' [enabled by default]
configure:15028: $? = 0
configure:15046: result: yes
configure:14966: checking for strtoul
configure:15022: gcc -o conftest -g -O2   conftest.c  >&5
configure:15028: $? = 0
configure:15046: result: yes
configure:14966: checking for mbrtowc
configure:15022: gcc -o conftest -g -O2   conftest.c  >&5
configure:15028: $? = 0
configure:15046: result: yes
configure:14966: checking for mkstemp
configure:15022: gcc -o conftest -g -O2   conftest.c  >&5
configure:15028: $? = 0
configure:15046: result: yes
configure:14966: checking for utimes
configure:15022: gcc -o conftest -g -O2   conftest.c  >&5
configure:15028: $? = 0
configure:15046: result: yes
configure:14966: checking for utime
configure:15022: gcc -o conftest -g -O2   conftest.c  >&5
configure:15028: $? = 0
configure:15046: result: yes
configure:14966: checking for wcwidth
configure:15022: gcc -o conftest -g -O2   conftest.c  >&5
configure:15028: $? = 0
configure:15046: result: yes
configure:14966: checking for strtof
configure:15022: gcc -o conftest -g -O2   conftest.c  >&5
configure:15028: $? = 0
configure:15046: result: yes
configure:14966: checking for fork
configure:15022: gcc -o conftest -g -O2   conftest.c  >&5
conftest.c:93:6: warning: conflicting types for built-in function 'fork' [enabled by default]
configure:15028: $? = 0
configure:15046: result: yes
configure:15065: checking for getopt_long
configure:15121: gcc -o conftest -g -O2   conftest.c  >&5
configure:15127: $? = 0
configure:15145: result: yes
configure:15065: checking for asprintf
configure:15121: gcc -o conftest -g -O2   conftest.c  >&5
configure:15127: $? = 0
configure:15145: result: yes
configure:15065: checking for vasprintf
configure:15121: gcc -o conftest -g -O2   conftest.c  >&5
configure:15127: $? = 0
configure:15145: result: yes
configure:15065: checking for strlcpy
configure:15121: gcc -o conftest -g -O2   conftest.c  >&5
/tmp/ccXP9Fhy.o: In function `main':
/home/davetaz/ref/tools/file/file-5.05/conftest.c:108: undefined reference to `strlcpy'
collect2: ld returned 1 exit status
configure:15127: $? = 1
configure: failed program was:
| /* confdefs.h.  */
| #define PACKAGE_NAME "file"
| #define PACKAGE_TARNAME "file"
| #define PACKAGE_VERSION "5.05"
| #define PACKAGE_STRING "file 5.05"
| #define PACKAGE_BUGREPORT "christos@astron.com"
| #define PACKAGE "file"
| #define VERSION "5.05"
| #define BUILTIN_ELF 1
| #define ELFCORE 1
| #define _GNU_SOURCE 1
| #define STDC_HEADERS 1
| #define HAVE_SYS_TYPES_H 1
| #define HAVE_SYS_STAT_H 1
| #define HAVE_STDLIB_H 1
| #define HAVE_STRING_H 1
| #define HAVE_MEMORY_H 1
| #define HAVE_STRINGS_H 1
| #define HAVE_INTTYPES_H 1
| #define HAVE_STDINT_H 1
| #define HAVE_UNISTD_H 1
| #define HAVE_DLFCN_H 1
| #define LT_OBJDIR ".libs/"
| #define STDC_HEADERS 1
| #define HAVE_SYS_WAIT_H 1
| #define HAVE_STDINT_H 1
| #define HAVE_FCNTL_H 1
| #define HAVE_LOCALE_H 1
| #define HAVE_STDINT_H 1
| #define HAVE_INTTYPES_H 1
| #define HAVE_UNISTD_H 1
| #define HAVE_UTIME_H 1
| #define HAVE_WCHAR_H 1
| #define HAVE_WCTYPE_H 1
| #define HAVE_LIMITS_H 1
| #define HAVE_GETOPT_H 1
| #define HAVE_ERR_H 1
| #define HAVE_SYS_MMAN_H 1
| #define HAVE_SYS_STAT_H 1
| #define HAVE_SYS_TYPES_H 1
| #define HAVE_SYS_TIME_H 1
| #define HAVE_STRUCT_STAT_ST_RDEV 1
| #define HAVE_TM_ZONE 1
| #define HAVE_DECL_TZNAME 1
| #define HAVE_TZNAME 1
| #define HAVE_TM_ISDST 1
| #define HAVE_DECL_DAYLIGHT 1
| #define HAVE_DAYLIGHT 1
| #define HAVE_FSEEKO 1
| #define HAVE_MBSTATE_T 1
| #define HAVE_STRUCT_OPTION 1
| #define HAVE_UINT8_T 1
| #define HAVE_UINT16_T 1
| #define HAVE_UINT32_T 1
| #define HAVE_INT32_T 1
| #define HAVE_UINT64_T 1
| #define HAVE_INT64_T 1
| #define SIZEOF_LONG_LONG 8
| #define HAVE_MMAP 1
| #define HAVE_STRERROR 1
| #define HAVE_STRNDUP 1
| #define HAVE_STRTOUL 1
| #define HAVE_MBRTOWC 1
| #define HAVE_MKSTEMP 1
| #define HAVE_UTIMES 1
| #define HAVE_UTIME 1
| #define HAVE_WCWIDTH 1
| #define HAVE_STRTOF 1
| #define HAVE_FORK 1
| #define HAVE_GETOPT_LONG 1
| #define HAVE_ASPRINTF 1
| #define HAVE_VASPRINTF 1
| /* end confdefs.h.  */
| /* Define strlcpy to an innocuous variant, in case <limits.h> declares strlcpy.
|    For example, HP-UX 11i <limits.h> declares gettimeofday.  */
| #define strlcpy innocuous_strlcpy
| 
| /* System header to define __stub macros and hopefully few prototypes,
|     which can conflict with char strlcpy (); below.
|     Prefer <limits.h> to <assert.h> if __STDC__ is defined, since
|     <limits.h> exists even on freestanding compilers.  */
| 
| #ifdef __STDC__
| # include <limits.h>
| #else
| # include <assert.h>
| #endif
| 
| #undef strlcpy
| 
| /* Override any GCC internal prototype to avoid an error.
|    Use char because int might match the return type of a GCC
|    builtin and then its argument prototype would still apply.  */
| #ifdef __cplusplus
| extern "C"
| #endif
| char strlcpy ();
| /* The GNU C library defines this for functions which it implements
|     to always fail with ENOSYS.  Some functions are actually named
|     something starting with __ and the normal name is an alias.  */
| #if defined __stub_strlcpy || defined __stub___strlcpy
| choke me
| #endif
| 
| int
| main ()
| {
| return strlcpy ();
|   ;
|   return 0;
| }
configure:15145: result: no
configure:15065: checking for strlcat
configure:15121: gcc -o conftest -g -O2   conftest.c  >&5
/tmp/ccjrn0Py.o: In function `main':
/home/davetaz/ref/tools/file/file-5.05/conftest.c:108: undefined reference to `strlcat'
collect2: ld returned 1 exit status
configure:15127: $? = 1
configure: failed program was:
| /* confdefs.h.  */
| #define PACKAGE_NAME "file"
| #define PACKAGE_TARNAME "file"
| #define PACKAGE_VERSION "5.05"
| #define PACKAGE_STRING "file 5.05"
| #define PACKAGE_BUGREPORT "christos@astron.com"
| #define PACKAGE "file"
| #define VERSION "5.05"
| #define BUILTIN_ELF 1
| #define ELFCORE 1
| #define _GNU_SOURCE 1
| #define STDC_HEADERS 1
| #define HAVE_SYS_TYPES_H 1
| #define HAVE_SYS_STAT_H 1
| #define HAVE_STDLIB_H 1
| #define HAVE_STRING_H 1
| #define HAVE_MEMORY_H 1
| #define HAVE_STRINGS_H 1
| #define HAVE_INTTYPES_H 1
| #define HAVE_STDINT_H 1
| #define HAVE_UNISTD_H 1
| #define HAVE_DLFCN_H 1
| #define LT_OBJDIR ".libs/"
| #define STDC_HEADERS 1
| #define HAVE_SYS_WAIT_H 1
| #define HAVE_STDINT_H 1
| #define HAVE_FCNTL_H 1
| #define HAVE_LOCALE_H 1
| #define HAVE_STDINT_H 1
| #define HAVE_INTTYPES_H 1
| #define HAVE_UNISTD_H 1
| #define HAVE_UTIME_H 1
| #define HAVE_WCHAR_H 1
| #define HAVE_WCTYPE_H 1
| #define HAVE_LIMITS_H 1
| #define HAVE_GETOPT_H 1
| #define HAVE_ERR_H 1
| #define HAVE_SYS_MMAN_H 1
| #define HAVE_SYS_STAT_H 1
| #define HAVE_SYS_TYPES_H 1
| #define HAVE_SYS_TIME_H 1
| #define HAVE_STRUCT_STAT_ST_RDEV 1
| #define HAVE_TM_ZONE 1
| #define HAVE_DECL_TZNAME 1
| #define HAVE_TZNAME 1
| #define HAVE_TM_ISDST 1
| #define HAVE_DECL_DAYLIGHT 1
| #define HAVE_DAYLIGHT 1
| #define HAVE_FSEEKO 1
| #define HAVE_MBSTATE_T 1
| #define HAVE_STRUCT_OPTION 1
| #define HAVE_UINT8_T 1
| #define HAVE_UINT16_T 1
| #define HAVE_UINT32_T 1
| #define HAVE_INT32_T 1
| #define HAVE_UINT64_T 1
| #define HAVE_INT64_T 1
| #define SIZEOF_LONG_LONG 8
| #define HAVE_MMAP 1
| #define HAVE_STRERROR 1
| #define HAVE_STRNDUP 1
| #define HAVE_STRTOUL 1
| #define HAVE_MBRTOWC 1
| #define HAVE_MKSTEMP 1
| #define HAVE_UTIMES 1
| #define HAVE_UTIME 1
| #define HAVE_WCWIDTH 1
| #define HAVE_STRTOF 1
| #define HAVE_FORK 1
| #define HAVE_GETOPT_LONG 1
| #define HAVE_ASPRINTF 1
| #define HAVE_VASPRINTF 1
| /* end confdefs.h.  */
| /* Define strlcat to an innocuous variant, in case <limits.h> declares strlcat.
|    For example, HP-UX 11i <limits.h> declares gettimeofday.  */
| #define strlcat innocuous_strlcat
| 
| /* System header to define __stub macros and hopefully few prototypes,
|     which can conflict with char strlcat (); below.
|     Prefer <limits.h> to <assert.h> if __STDC__ is defined, since
|     <limits.h> exists even on freestanding compilers.  */
| 
| #ifdef __STDC__
| # include <limits.h>
| #else
| # include <assert.h>
| #endif
| 
| #undef strlcat
| 
| /* Override any GCC internal prototype to avoid an error.
|    Use char because int might match the return type of a GCC
|    builtin and then its argument prototype would still apply.  */
| #ifdef __cplusplus
| extern "C"
| #endif
| char strlcat ();
| /* The GNU C library defines this for functions which it implements
|     to always fail with ENOSYS.  Some functions are actually named
|     something starting with __ and the normal name is an alias.  */
| #if defined __stub_strlcat || defined __stub___strlcat
| choke me
| #endif
| 
| int
| main ()
| {
| return strlcat ();
|   ;
|   return 0;
| }
configure:15145: result: no
configure:15165: checking for gzopen in -lz
configure:15200: gcc -o conftest -g -O2   conftest.c -lz   >&5
/usr/bin/ld: cannot find -lz
collect2: ld returned 1 exit status
configure:15206: $? = 1
configure: failed program was:
| /* confdefs.h.  */
| #define PACKAGE_NAME "file"
| #define PACKAGE_TARNAME "file"
| #define PACKAGE_VERSION "5.05"
| #define PACKAGE_STRING "file 5.05"
| #define PACKAGE_BUGREPORT "christos@astron.com"
| #define PACKAGE "file"
| #define VERSION "5.05"
| #define BUILTIN_ELF 1
| #define ELFCORE 1
| #define _GNU_SOURCE 1
| #define STDC_HEADERS 1
| #define HAVE_SYS_TYPES_H 1
| #define HAVE_SYS_STAT_H 1
| #define HAVE_STDLIB_H 1
| #define HAVE_STRING_H 1
| #define HAVE_MEMORY_H 1
| #define HAVE_STRINGS_H 1
| #define HAVE_INTTYPES_H 1
| #define HAVE_STDINT_H 1
| #define HAVE_UNISTD_H 1
| #define HAVE_DLFCN_H 1
| #define LT_OBJDIR ".libs/"
| #define STDC_HEADERS 1
| #define HAVE_SYS_WAIT_H 1
| #define HAVE_STDINT_H 1
| #define HAVE_FCNTL_H 1
| #define HAVE_LOCALE_H 1
| #define HAVE_STDINT_H 1
| #define HAVE_INTTYPES_H 1
| #define HAVE_UNISTD_H 1
| #define HAVE_UTIME_H 1
| #define HAVE_WCHAR_H 1
| #define HAVE_WCTYPE_H 1
| #define HAVE_LIMITS_H 1
| #define HAVE_GETOPT_H 1
| #define HAVE_ERR_H 1
| #define HAVE_SYS_MMAN_H 1
| #define HAVE_SYS_STAT_H 1
| #define HAVE_SYS_TYPES_H 1
| #define HAVE_SYS_TIME_H 1
| #define HAVE_STRUCT_STAT_ST_RDEV 1
| #define HAVE_TM_ZONE 1
| #define HAVE_DECL_TZNAME 1
| #define HAVE_TZNAME 1
| #define HAVE_TM_ISDST 1
| #define HAVE_DECL_DAYLIGHT 1
| #define HAVE_DAYLIGHT 1
| #define HAVE_FSEEKO 1
| #define HAVE_MBSTATE_T 1
| #define HAVE_STRUCT_OPTION 1
| #define HAVE_UINT8_T 1
| #define HAVE_UINT16_T 1
| #define HAVE_UINT32_T 1
| #define HAVE_INT32_T 1
| #define HAVE_UINT64_T 1
| #define HAVE_INT64_T 1
| #define SIZEOF_LONG_LONG 8
| #define HAVE_MMAP 1
| #define HAVE_STRERROR 1
| #define HAVE_STRNDUP 1
| #define HAVE_STRTOUL 1
| #define HAVE_MBRTOWC 1
| #define HAVE_MKSTEMP 1
| #define HAVE_UTIMES 1
| #define HAVE_UTIME 1
| #define HAVE_WCWIDTH 1
| #define HAVE_STRTOF 1
| #define HAVE_FORK 1
| #define HAVE_GETOPT_LONG 1
| #define HAVE_ASPRINTF 1
| #define HAVE_VASPRINTF 1
| /* end confdefs.h.  */
| 
| /* Override any GCC internal prototype to avoid an error.
|    Use char because int might match the return type of a GCC
|    builtin and then its argument prototype would still apply.  */
| #ifdef __cplusplus
| extern "C"
| #endif
| char gzopen ();
| int
| main ()
| {
| return gzopen ();
|   ;
|   return 0;
| }
configure:15224: result: no
configure:15459: creating ./config.status

## ---------------------- ##
## Running config.status. ##
## ---------------------- ##

This file was extended by file config.status 5.05, which was
generated by GNU Autoconf 2.61.  Invocation command line was

  CONFIG_FILES    = 
  CONFIG_HEADERS  = 
  CONFIG_LINKS    = 
  CONFIG_COMMANDS = 
  $ ./config.status 

on ref

config.status:863: creating Makefile
config.status:863: creating src/Makefile
config.status:863: creating magic/Makefile
config.status:863: creating tests/Makefile
config.status:863: creating doc/Makefile
config.status:863: creating python/Makefile
config.status:863: creating config.h
config.status:1197: executing depfiles commands
config.status:1197: executing libtool commands

## ---------------- ##
## Cache variables. ##
## ---------------- ##

ac_cv_build=x86_64-unknown-linux-gnu
ac_cv_c_compiler_gnu=yes
ac_cv_c_const=yes
ac_cv_env_CC_set=
ac_cv_env_CC_value=
ac_cv_env_CFLAGS_set=
ac_cv_env_CFLAGS_value=
ac_cv_env_CPPFLAGS_set=
ac_cv_env_CPPFLAGS_value=
ac_cv_env_CPP_set=
ac_cv_env_CPP_value=
ac_cv_env_LDFLAGS_set=
ac_cv_env_LDFLAGS_value=
ac_cv_env_LIBS_set=
ac_cv_env_LIBS_value=
ac_cv_env_build_alias_set=
ac_cv_env_build_alias_value=
ac_cv_env_host_alias_set=
ac_cv_env_host_alias_value=
ac_cv_env_target_alias_set=
ac_cv_env_target_alias_value=
ac_cv_func_asprintf=yes
ac_cv_func_fork=yes
ac_cv_func_getopt_long=yes
ac_cv_func_mbrtowc=yes
ac_cv_func_mkstemp=yes
ac_cv_func_mmap=yes
ac_cv_func_strerror=yes
ac_cv_func_strlcat=no
ac_cv_func_strlcpy=no
ac_cv_func_strndup=yes
ac_cv_func_strtof=yes
ac_cv_func_strtoul=yes
ac_cv_func_utime=yes
ac_cv_func_utimes=yes
ac_cv_func_vasprintf=yes
ac_cv_func_wcwidth=yes
ac_cv_have_decl_daylight=yes
ac_cv_have_decl_tzname=yes
ac_cv_header_dlfcn_h=yes
ac_cv_header_err_h=yes
ac_cv_header_fcntl_h=yes
ac_cv_header_getopt_h=yes
ac_cv_header_inttypes_h=yes
ac_cv_header_limits_h=yes
ac_cv_header_locale_h=yes
ac_cv_header_memory_h=yes
ac_cv_header_stdc=yes
ac_cv_header_stdint_h=yes
ac_cv_header_stdlib_h=yes
ac_cv_header_string_h=yes
ac_cv_header_strings_h=yes
ac_cv_header_sys_mman_h=yes
ac_cv_header_sys_stat_h=yes
ac_cv_header_sys_time_h=yes
ac_cv_header_sys_types_h=yes
ac_cv_header_sys_types_h_makedev=yes
ac_cv_header_sys_utime_h=no
ac_cv_header_sys_wait_h=yes
ac_cv_header_unistd_h=yes
ac_cv_header_utime_h=yes
ac_cv_header_wchar_h=yes
ac_cv_header_wctype_h=yes
ac_cv_header_zlib_h=no
ac_cv_host=x86_64-unknown-linux-gnu
ac_cv_lib_z_gzopen=no
ac_cv_member_struct_stat_st_rdev=yes
ac_cv_member_struct_tm_tm_gmtoff=no
ac_cv_member_struct_tm_tm_zone=no
ac_cv_objext=o
ac_cv_path_EGREP='/bin/grep -E'
ac_cv_path_FGREP='/bin/grep -F'
ac_cv_path_GREP=/bin/grep
ac_cv_path_SED=/bin/sed
ac_cv_path_install='/usr/bin/install -c'
ac_cv_path_mkdir=/bin/mkdir
ac_cv_prog_AWK=mawk
ac_cv_prog_CPP='gcc -E'
ac_cv_prog_ac_ct_AR=ar
ac_cv_prog_ac_ct_CC=gcc
ac_cv_prog_ac_ct_OBJDUMP=objdump
ac_cv_prog_ac_ct_RANLIB=ranlib
ac_cv_prog_ac_ct_STRIP=strip
ac_cv_prog_cc_c89=
ac_cv_prog_cc_g=yes
ac_cv_prog_cc_gcc_c_o=yes
ac_cv_prog_make_make_set=yes
ac_cv_sizeof_long_long=8
ac_cv_struct_option_getopt_h=yes
ac_cv_struct_tm=time.h
ac_cv_struct_tm_isdst=yes
ac_cv_struct_tm_zone=yes
ac_cv_sys_file_offset_bits=no
ac_cv_sys_largefile_CC=no
ac_cv_sys_largefile_source=no
ac_cv_type_int32_t=yes
ac_cv_type_int64_t=yes
ac_cv_type_long_long=yes
ac_cv_type_mbstate_t=yes
ac_cv_type_off_t=yes
ac_cv_type_size_t=yes
ac_cv_type_uint16_t=yes
ac_cv_type_uint32_t=yes
ac_cv_type_uint64_t=yes
ac_cv_type_uint8_t=yes
ac_cv_var_daylight=yes
ac_cv_var_tzname=yes
am_cv_CC_dependencies_compiler_type=gcc3
lt_cv_deplibs_check_method=pass_all
lt_cv_file_magic_cmd='$MAGIC_CMD'
lt_cv_file_magic_test_file=
lt_cv_ld_reload_flag=-r
lt_cv_nm_interface='BSD nm'
lt_cv_objdir=.libs
lt_cv_path_LD=/usr/bin/ld
lt_cv_path_NM='/usr/bin/nm -B'
lt_cv_prog_compiler_c_o=yes
lt_cv_prog_compiler_pic_works=yes
lt_cv_prog_compiler_rtti_exceptions=no
lt_cv_prog_compiler_static_works=yes
lt_cv_prog_gnu_ld=yes
lt_cv_sys_global_symbol_pipe='sed -n -e '\''s/^.*[	 ]\([ABCDGIRSTW][ABCDGIRSTW]*\)[	 ][	 ]*\([_A-Za-z][_A-Za-z0-9]*\)$/\1 \2 \2/p'\'''
lt_cv_sys_global_symbol_to_c_name_address='sed -n -e '\''s/^: \([^ ]*\) $/  {\"\1\", (void *) 0},/p'\'' -e '\''s/^[ABCDGIRSTW]* \([^ ]*\) \([^ ]*\)$/  {"\2", (void *) \&\2},/p'\'''
lt_cv_sys_global_symbol_to_c_name_address_lib_prefix='sed -n -e '\''s/^: \([^ ]*\) $/  {\"\1\", (void *) 0},/p'\'' -e '\''s/^[ABCDGIRSTW]* \([^ ]*\) \(lib[^ ]*\)$/  {"\2", (void *) \&\2},/p'\'' -e '\''s/^[ABCDGIRSTW]* \([^ ]*\) \([^ ]*\)$/  {"lib\2", (void *) \&\2},/p'\'''
lt_cv_sys_global_symbol_to_cdecl='sed -n -e '\''s/^T .* \(.*\)$/extern int \1();/p'\'' -e '\''s/^[ABCDGIRSTW]* .* \(.*\)$/extern char \1;/p'\'''
lt_cv_sys_max_cmd_len=1572864

## ----------------- ##
## Output variables. ##
## ----------------- ##

ACLOCAL='${SHELL} /home/davetaz/ref/tools/file/file-5.05/missing --run aclocal-1.10'
AMDEPBACKSLASH='\'
AMDEP_FALSE='#'
AMDEP_TRUE=''
AMTAR='${SHELL} /home/davetaz/ref/tools/file/file-5.05/missing --run tar'
AR='ar'
AUTOCONF='${SHELL} /home/davetaz/ref/tools/file/file-5.05/missing --run autoconf'
AUTOHEADER='${SHELL} /home/davetaz/ref/tools/file/file-5.05/missing --run autoheader'
AUTOMAKE='${SHELL} /home/davetaz/ref/tools/file/file-5.05/missing --run automake-1.10'
AWK='mawk'
CC='gcc'
CCDEPMODE='depmode=gcc3'
CFLAGS='-g -O2'
CPP='gcc -E'
CPPFLAGS=''
CYGPATH_W='echo'
DEFS='-DHAVE_CONFIG_H'
DEPDIR='.deps'
DSYMUTIL=''
DUMPBIN=''
ECHO_C=''
ECHO_N='-n'
ECHO_T=''
EGREP='/bin/grep -E'
EXEEXT=''
FGREP='/bin/grep -F'
FSECT5_FALSE=''
FSECT5_TRUE='#'
GREP='/bin/grep'
INSTALL_DATA='${INSTALL} -m 644'
INSTALL_PROGRAM='${INSTALL}'
INSTALL_SCRIPT='${INSTALL}'
INSTALL_STRIP_PROGRAM='$(install_sh) -c -s'
IS_CROSS_COMPILE_FALSE=''
IS_CROSS_COMPILE_TRUE='#'
LD='/usr/bin/ld -m elf_x86_64'
LDFLAGS=''
LIBOBJS=' ${LIBOBJDIR}strlcpy$U.o ${LIBOBJDIR}strlcat$U.o'
LIBS=''
LIBTOOL='$(SHELL) $(top_builddir)/libtool'
LIPO=''
LN_S='ln -s'
LTLIBOBJS=' ${LIBOBJDIR}strlcpy$U.lo ${LIBOBJDIR}strlcat$U.lo'
MAKEINFO='${SHELL} /home/davetaz/ref/tools/file/file-5.05/missing --run makeinfo'
MINGW='0'
MINGW_FALSE=''
MINGW_TRUE='#'
NM='/usr/bin/nm -B'
NMEDIT=''
OBJDUMP='objdump'
OBJEXT='o'
OTOOL64=''
OTOOL=''
PACKAGE='file'
PACKAGE_BUGREPORT='christos@astron.com'
PACKAGE_NAME='file'
PACKAGE_STRING='file 5.05'
PACKAGE_TARNAME='file'
PACKAGE_VERSION='5.05'
PATH_SEPARATOR=':'
RANLIB='ranlib'
SED='/bin/sed'
SET_MAKE=''
SHELL='/bin/bash'
STRIP='strip'
VERSION='5.05'
WARNINGS='-Wall -Wstrict-prototypes -Wmissing-prototypes -Wpointer-arith        -Wmissing-declarations -Wredundant-decls -Wnested-externs        -Wsign-compare -Wreturn-type -Wswitch -Wshadow        -Wcast-qual -Wwrite-strings -Wextra -Wunused-parameter'
ac_ct_CC='gcc'
ac_ct_DUMPBIN=''
am__fastdepCC_FALSE='#'
am__fastdepCC_TRUE=''
am__include='include'
am__isrc=''
am__leading_dot='.'
am__quote=''
am__tar='${AMTAR} chof - "$$tardir"'
am__untar='${AMTAR} xf -'
bindir='${exec_prefix}/bin'
build='x86_64-unknown-linux-gnu'
build_alias=''
build_cpu='x86_64'
build_os='linux-gnu'
build_vendor='unknown'
datadir='${datarootdir}'
datarootdir='${prefix}/share'
docdir='${datarootdir}/doc/${PACKAGE_TARNAME}'
dvidir='${docdir}'
exec_prefix='${prefix}'
fsect='4'
host='x86_64-unknown-linux-gnu'
host_alias=''
host_cpu='x86_64'
host_os='linux-gnu'
host_vendor='unknown'
htmldir='${docdir}'
includedir='${prefix}/include'
infodir='${datarootdir}/info'
install_sh='$(SHELL) /home/davetaz/ref/tools/file/file-5.05/install-sh'
libdir='${exec_prefix}/lib'
libexecdir='${exec_prefix}/libexec'
localedir='${datarootdir}/locale'
localstatedir='${prefix}/var'
lt_ECHO='echo'
mandir='${datarootdir}/man'
mkdir_p='/bin/mkdir -p'
oldincludedir='/usr/include'
pdfdir='${docdir}'
pkgdatadir='$(datadir)/misc'
prefix='/usr/local'
program_transform_name='s,x,x,'
psdir='${docdir}'
sbindir='${exec_prefix}/sbin'
sharedstatedir='${prefix}/com'
sysconfdir='${prefix}/etc'
target_alias=''

## ----------- ##
## confdefs.h. ##
## ----------- ##

#define PACKAGE_NAME "file"
#define PACKAGE_TARNAME "file"
#define PACKAGE_VERSION "5.05"
#define PACKAGE_STRING "file 5.05"
#define PACKAGE_BUGREPORT "christos@astron.com"
#define PACKAGE "file"
#define VERSION "5.05"
#define BUILTIN_ELF 1
#define ELFCORE 1
#define _GNU_SOURCE 1
#define STDC_HEADERS 1
#define HAVE_SYS_TYPES_H 1
#define HAVE_SYS_STAT_H 1
#define HAVE_STDLIB_H 1
#define HAVE_STRING_H 1
#define HAVE_MEMORY_H 1
#define HAVE_STRINGS_H 1
#define HAVE_INTTYPES_H 1
#define HAVE_STDINT_H 1
#define HAVE_UNISTD_H 1
#define HAVE_DLFCN_H 1
#define LT_OBJDIR ".libs/"
#define STDC_HEADERS 1
#define HAVE_SYS_WAIT_H 1
#define HAVE_STDINT_H 1
#define HAVE_FCNTL_H 1
#define HAVE_LOCALE_H 1
#define HAVE_STDINT_H 1
#define HAVE_INTTYPES_H 1
#define HAVE_UNISTD_H 1
#define HAVE_UTIME_H 1
#define HAVE_WCHAR_H 1
#define HAVE_WCTYPE_H 1
#define HAVE_LIMITS_H 1
#define HAVE_GETOPT_H 1
#define HAVE_ERR_H 1
#define HAVE_SYS_MMAN_H 1
#define HAVE_SYS_STAT_H 1
#define HAVE_SYS_TYPES_H 1
#define HAVE_SYS_TIME_H 1
#define HAVE_STRUCT_STAT_ST_RDEV 1
#define HAVE_TM_ZONE 1
#define HAVE_DECL_TZNAME 1
#define HAVE_TZNAME 1
#define HAVE_TM_ISDST 1
#define HAVE_DECL_DAYLIGHT 1
#define HAVE_DAYLIGHT 1
#define HAVE_FSEEKO 1
#define HAVE_MBSTATE_T 1
#define HAVE_STRUCT_OPTION 1
#define HAVE_UINT8_T 1
#define HAVE_UINT16_T 1
#define HAVE_UINT32_T 1
#define HAVE_INT32_T 1
#define HAVE_UINT64_T 1
#define HAVE_INT64_T 1
#define SIZEOF_LONG_LONG 8
#define HAVE_MMAP 1
#define HAVE_STRERROR 1
#define HAVE_STRNDUP 1
#define HAVE_STRTOUL 1
#define HAVE_MBRTOWC 1
#define HAVE_MKSTEMP 1
#define HAVE_UTIMES 1
#define HAVE_UTIME 1
#define HAVE_WCWIDTH 1
#define HAVE_STRTOF 1
#define HAVE_FORK 1
#define HAVE_GETOPT_LONG 1
#define HAVE_ASPRINTF 1
#define HAVE_VASPRINTF 1

configure: exit 0
